<?xml version="1.0" encoding="UTF-8"?>
<testsuite name="com.jojoldo.admin.springboot.web.PostsApiControllerTest" tests="2" skipped="0" failures="0" errors="0" timestamp="2020-09-01T04:27:46" hostname="choehyegeuns-MacBook-Pro.local" time="0.198">
  <properties/>
  <testcase name="Posts_등록된다" classname="com.jojoldo.admin.springboot.web.PostsApiControllerTest" time="0.168"/>
  <testcase name="Posts_수정된다" classname="com.jojoldo.admin.springboot.web.PostsApiControllerTest" time="0.03"/>
  <system-out><![CDATA[2020-09-01 13:27:46.148  INFO 82871 --- [    Test worker] .b.t.c.SpringBootTestContextBootstrapper : Neither @ContextConfiguration nor @ContextHierarchy found for test class [com.jojoldo.admin.springboot.web.PostsApiControllerTest], using SpringBootContextLoader
2020-09-01 13:27:46.149  INFO 82871 --- [    Test worker] o.s.t.c.support.AbstractContextLoader    : Could not detect default resource locations for test class [com.jojoldo.admin.springboot.web.PostsApiControllerTest]: no resource found for suffixes {-context.xml, Context.groovy}.
2020-09-01 13:27:46.149  INFO 82871 --- [    Test worker] t.c.s.AnnotationConfigContextLoaderUtils : Could not detect default configuration classes for test class [com.jojoldo.admin.springboot.web.PostsApiControllerTest]: PostsApiControllerTest does not declare any static, non-private, non-final, nested classes annotated with @Configuration.
2020-09-01 13:27:46.152  INFO 82871 --- [    Test worker] .b.t.c.SpringBootTestContextBootstrapper : Found @SpringBootConfiguration com.jojoldo.admin.springboot.Application for test class com.jojoldo.admin.springboot.web.PostsApiControllerTest
2020-09-01 13:27:46.154  INFO 82871 --- [    Test worker] .b.t.c.SpringBootTestContextBootstrapper : Loaded default TestExecutionListener class names from location [META-INF/spring.factories]: [org.springframework.security.test.context.support.WithSecurityContextTestExecutionListener, org.springframework.security.test.context.support.ReactorContextTestExecutionListener, org.springframework.boot.test.autoconfigure.restdocs.RestDocsTestExecutionListener, org.springframework.boot.test.autoconfigure.web.client.MockRestServiceServerResetTestExecutionListener, org.springframework.boot.test.autoconfigure.web.servlet.MockMvcPrintOnlyOnFailureTestExecutionListener, org.springframework.boot.test.autoconfigure.web.servlet.WebDriverTestExecutionListener, org.springframework.boot.test.mock.mockito.MockitoTestExecutionListener, org.springframework.boot.test.mock.mockito.ResetMocksTestExecutionListener, org.springframework.test.context.web.ServletTestExecutionListener, org.springframework.test.context.support.DirtiesContextBeforeModesTestExecutionListener, org.springframework.test.context.support.DependencyInjectionTestExecutionListener, org.springframework.test.context.support.DirtiesContextTestExecutionListener, org.springframework.test.context.transaction.TransactionalTestExecutionListener, org.springframework.test.context.jdbc.SqlScriptsTestExecutionListener]
2020-09-01 13:27:46.154  INFO 82871 --- [    Test worker] .b.t.c.SpringBootTestContextBootstrapper : Using TestExecutionListeners: [org.springframework.test.context.web.ServletTestExecutionListener@739a10f3, org.springframework.test.context.support.DirtiesContextBeforeModesTestExecutionListener@64d7b3b2, org.springframework.boot.test.mock.mockito.MockitoTestExecutionListener@cf27ab1, org.springframework.boot.test.autoconfigure.SpringBootDependencyInjectionTestExecutionListener@726fe478, org.springframework.test.context.support.DirtiesContextTestExecutionListener@51516f4e, org.springframework.test.context.transaction.TransactionalTestExecutionListener@8c21cf5, org.springframework.test.context.jdbc.SqlScriptsTestExecutionListener@177ac8ae, org.springframework.security.test.context.support.WithSecurityContextTestExecutionListener@1abbb21d, org.springframework.security.test.context.support.ReactorContextTestExecutionListener@40ca851b, org.springframework.boot.test.autoconfigure.restdocs.RestDocsTestExecutionListener@58f71c43, org.springframework.boot.test.autoconfigure.web.client.MockRestServiceServerResetTestExecutionListener@1989904b, org.springframework.boot.test.autoconfigure.web.servlet.MockMvcPrintOnlyOnFailureTestExecutionListener@5e65e23d, org.springframework.boot.test.autoconfigure.web.servlet.WebDriverTestExecutionListener@4a9346b7, org.springframework.boot.test.mock.mockito.ResetMocksTestExecutionListener@2a664ea2]
2020-09-01 13:27:46.161  INFO 82871 --- [    Test worker] o.a.c.c.C.[Tomcat].[localhost].[/]       : Initializing Spring TestDispatcherServlet ''
2020-09-01 13:27:46.161  INFO 82871 --- [    Test worker] o.s.t.web.servlet.TestDispatcherServlet  : Initializing Servlet ''
2020-09-01 13:27:46.164  INFO 82871 --- [    Test worker] o.s.t.web.servlet.TestDispatcherServlet  : Completed initialization in 3 ms
Hibernate: insert into posts (created_date, modified_date, author, content, title) values (?, ?, ?, ?, ?)
Hibernate: select posts0_.id as id1_0_, posts0_.created_date as created_2_0_, posts0_.modified_date as modified3_0_, posts0_.author as author4_0_, posts0_.content as content5_0_, posts0_.title as title6_0_ from posts posts0_
Hibernate: select posts0_.id as id1_0_, posts0_.created_date as created_2_0_, posts0_.modified_date as modified3_0_, posts0_.author as author4_0_, posts0_.content as content5_0_, posts0_.title as title6_0_ from posts posts0_
Hibernate: delete from posts where id=?
2020-09-01 13:27:46.329  INFO 82871 --- [    Test worker] o.a.c.c.C.[Tomcat].[localhost].[/]       : Initializing Spring TestDispatcherServlet ''
2020-09-01 13:27:46.329  INFO 82871 --- [    Test worker] o.s.t.web.servlet.TestDispatcherServlet  : Initializing Servlet ''
2020-09-01 13:27:46.332  INFO 82871 --- [    Test worker] o.s.t.web.servlet.TestDispatcherServlet  : Completed initialization in 3 ms
Hibernate: insert into posts (created_date, modified_date, author, content, title) values (?, ?, ?, ?, ?)
Hibernate: select posts0_.id as id1_0_0_, posts0_.created_date as created_2_0_0_, posts0_.modified_date as modified3_0_0_, posts0_.author as author4_0_0_, posts0_.content as content5_0_0_, posts0_.title as title6_0_0_ from posts posts0_ where posts0_.id=?
Hibernate: update posts set created_date=?, modified_date=?, author=?, content=?, title=? where id=?
Hibernate: select posts0_.id as id1_0_, posts0_.created_date as created_2_0_, posts0_.modified_date as modified3_0_, posts0_.author as author4_0_, posts0_.content as content5_0_, posts0_.title as title6_0_ from posts posts0_
Hibernate: select posts0_.id as id1_0_, posts0_.created_date as created_2_0_, posts0_.modified_date as modified3_0_, posts0_.author as author4_0_, posts0_.content as content5_0_, posts0_.title as title6_0_ from posts posts0_
Hibernate: delete from posts where id=?
]]></system-out>
  <system-err><![CDATA[]]></system-err>
</testsuite>
