<?xml version="1.0" encoding="UTF-8"?>
<testsuite name="com.jojoldo.admin.springboot.web.dto.HelloResponseDtoTest" tests="1" skipped="0" failures="0" errors="0" timestamp="2020-09-02T07:06:25" hostname="choehyegeuns-MacBook-Pro.local" time="0.064">
  <properties/>
  <testcase name="롬복_가능_테스트" classname="com.jojoldo.admin.springboot.web.dto.HelloResponseDtoTest" time="0.064"/>
  <system-out><![CDATA[]]></system-out>
  <system-err><![CDATA[]]></system-err>
</testsuite>
