<?xml version="1.0" encoding="UTF-8"?>
<testsuite name="com.jojoldo.admin.springboot.domain.posts.PostRepositoryTest" tests="2" skipped="0" failures="0" errors="0" timestamp="2020-09-01T04:27:47" hostname="choehyegeuns-MacBook-Pro.local" time="0.027">
  <properties/>
  <testcase name="게시글저장_불러오기" classname="com.jojoldo.admin.springboot.domain.posts.PostRepositoryTest" time="0.019"/>
  <testcase name="BaseTimeEntity_목록" classname="com.jojoldo.admin.springboot.domain.posts.PostRepositoryTest" time="0.007"/>
  <system-out><![CDATA[2020-09-01 13:27:46.358  INFO 82871 --- [    Test worker] .b.t.c.SpringBootTestContextBootstrapper : Neither @ContextConfiguration nor @ContextHierarchy found for test class [com.jojoldo.admin.springboot.domain.posts.PostRepositoryTest], using SpringBootContextLoader
2020-09-01 13:27:46.358  INFO 82871 --- [    Test worker] o.s.t.c.support.AbstractContextLoader    : Could not detect default resource locations for test class [com.jojoldo.admin.springboot.domain.posts.PostRepositoryTest]: no resource found for suffixes {-context.xml, Context.groovy}.
2020-09-01 13:27:46.359  INFO 82871 --- [    Test worker] t.c.s.AnnotationConfigContextLoaderUtils : Could not detect default configuration classes for test class [com.jojoldo.admin.springboot.domain.posts.PostRepositoryTest]: PostRepositoryTest does not declare any static, non-private, non-final, nested classes annotated with @Configuration.
2020-09-01 13:27:46.363  INFO 82871 --- [    Test worker] .b.t.c.SpringBootTestContextBootstrapper : Found @SpringBootConfiguration com.jojoldo.admin.springboot.Application for test class com.jojoldo.admin.springboot.domain.posts.PostRepositoryTest
2020-09-01 13:27:46.364  INFO 82871 --- [    Test worker] .b.t.c.SpringBootTestContextBootstrapper : Loaded default TestExecutionListener class names from location [META-INF/spring.factories]: [org.springframework.security.test.context.support.WithSecurityContextTestExecutionListener, org.springframework.security.test.context.support.ReactorContextTestExecutionListener, org.springframework.boot.test.autoconfigure.restdocs.RestDocsTestExecutionListener, org.springframework.boot.test.autoconfigure.web.client.MockRestServiceServerResetTestExecutionListener, org.springframework.boot.test.autoconfigure.web.servlet.MockMvcPrintOnlyOnFailureTestExecutionListener, org.springframework.boot.test.autoconfigure.web.servlet.WebDriverTestExecutionListener, org.springframework.boot.test.mock.mockito.MockitoTestExecutionListener, org.springframework.boot.test.mock.mockito.ResetMocksTestExecutionListener, org.springframework.test.context.web.ServletTestExecutionListener, org.springframework.test.context.support.DirtiesContextBeforeModesTestExecutionListener, org.springframework.test.context.support.DependencyInjectionTestExecutionListener, org.springframework.test.context.support.DirtiesContextTestExecutionListener, org.springframework.test.context.transaction.TransactionalTestExecutionListener, org.springframework.test.context.jdbc.SqlScriptsTestExecutionListener]
2020-09-01 13:27:46.365  INFO 82871 --- [    Test worker] .b.t.c.SpringBootTestContextBootstrapper : Using TestExecutionListeners: [org.springframework.test.context.web.ServletTestExecutionListener@6e1004fc, org.springframework.test.context.support.DirtiesContextBeforeModesTestExecutionListener@659d9702, org.springframework.boot.test.mock.mockito.MockitoTestExecutionListener@18b9954c, org.springframework.boot.test.autoconfigure.SpringBootDependencyInjectionTestExecutionListener@5157e101, org.springframework.test.context.support.DirtiesContextTestExecutionListener@3f8e2833, org.springframework.test.context.transaction.TransactionalTestExecutionListener@36a28d47, org.springframework.test.context.jdbc.SqlScriptsTestExecutionListener@62656d2a, org.springframework.security.test.context.support.WithSecurityContextTestExecutionListener@c54c78e, org.springframework.security.test.context.support.ReactorContextTestExecutionListener@42d5a987, org.springframework.boot.test.autoconfigure.restdocs.RestDocsTestExecutionListener@603fcc2f, org.springframework.boot.test.autoconfigure.web.client.MockRestServiceServerResetTestExecutionListener@29fae13f, org.springframework.boot.test.autoconfigure.web.servlet.MockMvcPrintOnlyOnFailureTestExecutionListener@3b83b39, org.springframework.boot.test.autoconfigure.web.servlet.WebDriverTestExecutionListener@6c4e3358, org.springframework.boot.test.mock.mockito.ResetMocksTestExecutionListener@720ed44a]

  .   ____          _            __ _ _
 /\\ / ___'_ __ _ _(_)_ __  __ _ \ \ \ \
( ( )\___ | '_ | '_| | '_ \/ _` | \ \ \ \
 \\/  ___)| |_)| | | | | || (_| |  ) ) ) )
  '  |____| .__|_| |_|_| |_\__, | / / / /
 =========|_|==============|___/=/_/_/_/
 :: Spring Boot ::        (v2.1.7.RELEASE)

2020-09-01 13:27:46.381  INFO 82871 --- [    Test worker] c.j.a.s.domain.posts.PostRepositoryTest  : Starting PostRepositoryTest on choehyegeuns-MacBook-Pro.local with PID 82871 (started by choehyegeun in /Users/choehyegeun/IdeaProjects/freelec-springboot2-webservice)
2020-09-01 13:27:46.381  INFO 82871 --- [    Test worker] c.j.a.s.domain.posts.PostRepositoryTest  : No active profile set, falling back to default profiles: default
2020-09-01 13:27:46.553  INFO 82871 --- [    Test worker] .s.d.r.c.RepositoryConfigurationDelegate : Bootstrapping Spring Data repositories in DEFAULT mode.
2020-09-01 13:27:46.568  INFO 82871 --- [    Test worker] .s.d.r.c.RepositoryConfigurationDelegate : Finished Spring Data repository scanning in 15ms. Found 2 repository interfaces.
2020-09-01 13:27:46.644  INFO 82871 --- [    Test worker] trationDelegate$BeanPostProcessorChecker : Bean 'org.springframework.transaction.annotation.ProxyTransactionManagementConfiguration' of type [org.springframework.transaction.annotation.ProxyTransactionManagementConfiguration$$EnhancerBySpringCGLIB$$4e36d5df] is not eligible for getting processed by all BeanPostProcessors (for example: not eligible for auto-proxying)
2020-09-01 13:27:46.712  INFO 82871 --- [    Test worker] com.zaxxer.hikari.HikariDataSource       : HikariPool-2 - Starting...
2020-09-01 13:27:46.713  INFO 82871 --- [    Test worker] com.zaxxer.hikari.HikariDataSource       : HikariPool-2 - Start completed.
2020-09-01 13:27:46.731  INFO 82871 --- [    Test worker] o.hibernate.jpa.internal.util.LogHelper  : HHH000204: Processing PersistenceUnitInfo [
	name: default
	...]
2020-09-01 13:27:46.741  INFO 82871 --- [    Test worker] org.hibernate.dialect.Dialect            : HHH000400: Using dialect: org.hibernate.dialect.MySQL5InnoDBDialect
Hibernate: drop table if exists posts
Hibernate: drop table if exists user
Hibernate: create table posts (id bigint not null auto_increment, created_date datetime, modified_date datetime, author varchar(255), content TEXT not null, title varchar(500) not null, primary key (id)) engine=InnoDB
Hibernate: create table user (id bigint not null auto_increment, created_date datetime, modified_date datetime, email varchar(255) not null, name varchar(255) not null, picture varchar(255), role varchar(255) not null, primary key (id)) engine=InnoDB
2020-09-01 13:27:46.787  INFO 82871 --- [    Test worker] o.h.t.schema.internal.SchemaCreatorImpl  : HHH000476: Executing import script 'org.hibernate.tool.schema.internal.exec.ScriptSourceInputNonExistentImpl@7b3fad5f'
2020-09-01 13:27:46.787  INFO 82871 --- [    Test worker] j.LocalContainerEntityManagerFactoryBean : Initialized JPA EntityManagerFactory for persistence unit 'default'
2020-09-01 13:27:46.957  INFO 82871 --- [    Test worker] o.h.h.i.QueryTranslatorFactoryInitiator  : HHH000397: Using ASTQueryTranslatorFactory
2020-09-01 13:27:47.084  INFO 82871 --- [    Test worker] o.s.s.web.DefaultSecurityFilterChain     : Creating filter chain: any request, [org.springframework.security.web.context.request.async.WebAsyncManagerIntegrationFilter@688bd8ec, org.springframework.security.web.context.SecurityContextPersistenceFilter@2fc4ae5d, org.springframework.security.web.header.HeaderWriterFilter@4f9af4b4, org.springframework.security.web.authentication.logout.LogoutFilter@8e8ec33, org.springframework.security.oauth2.client.web.OAuth2AuthorizationRequestRedirectFilter@28157011, org.springframework.security.oauth2.client.web.OAuth2LoginAuthenticationFilter@694ae55b, org.springframework.security.web.authentication.ui.DefaultLoginPageGeneratingFilter@2541c62, org.springframework.security.web.authentication.ui.DefaultLogoutPageGeneratingFilter@588d0828, org.springframework.security.web.savedrequest.RequestCacheAwareFilter@49226cd6, org.springframework.security.web.servletapi.SecurityContextHolderAwareRequestFilter@51850e12, org.springframework.security.web.authentication.AnonymousAuthenticationFilter@5b1b6ed0, org.springframework.security.web.session.SessionManagementFilter@51d05a4a, org.springframework.security.web.access.ExceptionTranslationFilter@29b9e734, org.springframework.security.web.access.intercept.FilterSecurityInterceptor@68eb0bae]
2020-09-01 13:27:47.340  INFO 82871 --- [    Test worker] o.s.s.concurrent.ThreadPoolTaskExecutor  : Initializing ExecutorService 'applicationTaskExecutor'
2020-09-01 13:27:47.351  WARN 82871 --- [    Test worker] aWebConfiguration$JpaWebMvcConfiguration : spring.jpa.open-in-view is enabled by default. Therefore, database queries may be performed during view rendering. Explicitly configure spring.jpa.open-in-view to disable this warning
2020-09-01 13:27:47.372  INFO 82871 --- [    Test worker] o.s.b.a.w.s.WelcomePageHandlerMapping    : Adding welcome page template: index
2020-09-01 13:27:47.671  INFO 82871 --- [    Test worker] s.a.ScheduledAnnotationBeanPostProcessor : No TaskScheduler/ScheduledExecutorService bean found for scheduled processing
2020-09-01 13:27:47.672  INFO 82871 --- [    Test worker] c.j.a.s.domain.posts.PostRepositoryTest  : Started PostRepositoryTest in 1.305 seconds (JVM running for 10.873)
Hibernate: insert into posts (created_date, modified_date, author, content, title) values (?, ?, ?, ?, ?)
Hibernate: select posts0_.id as id1_0_, posts0_.created_date as created_2_0_, posts0_.modified_date as modified3_0_, posts0_.author as author4_0_, posts0_.content as content5_0_, posts0_.title as title6_0_ from posts posts0_
Hibernate: select posts0_.id as id1_0_, posts0_.created_date as created_2_0_, posts0_.modified_date as modified3_0_, posts0_.author as author4_0_, posts0_.content as content5_0_, posts0_.title as title6_0_ from posts posts0_
Hibernate: delete from posts where id=?
Hibernate: insert into posts (created_date, modified_date, author, content, title) values (?, ?, ?, ?, ?)
Hibernate: select posts0_.id as id1_0_, posts0_.created_date as created_2_0_, posts0_.modified_date as modified3_0_, posts0_.author as author4_0_, posts0_.content as content5_0_, posts0_.title as title6_0_ from posts posts0_
>>>>>>>>>>>>>> createDate=2020-09-01T13:27:47.697, modifiedDate=2020-09-01T13:27:47.697
Hibernate: select posts0_.id as id1_0_, posts0_.created_date as created_2_0_, posts0_.modified_date as modified3_0_, posts0_.author as author4_0_, posts0_.content as content5_0_, posts0_.title as title6_0_ from posts posts0_
Hibernate: delete from posts where id=?
]]></system-out>
  <system-err><![CDATA[]]></system-err>
</testsuite>
