<?xml version="1.0" encoding="UTF-8"?>
<testsuite name="com.jojoldo.admin.springboot.web.IndexControllerTest" tests="1" skipped="0" failures="0" errors="0" timestamp="2020-09-02T07:06:34" hostname="choehyegeuns-MacBook-Pro.local" time="0.238">
  <properties/>
  <testcase name="메인페이지_로딩" classname="com.jojoldo.admin.springboot.web.IndexControllerTest" time="0.238"/>
  <system-out><![CDATA[2020-09-02 16:06:29.554  INFO 86528 --- [    Test worker] .b.t.c.SpringBootTestContextBootstrapper : Neither @ContextConfiguration nor @ContextHierarchy found for test class [com.jojoldo.admin.springboot.web.IndexControllerTest], using SpringBootContextLoader
2020-09-02 16:06:29.555  INFO 86528 --- [    Test worker] o.s.t.c.support.AbstractContextLoader    : Could not detect default resource locations for test class [com.jojoldo.admin.springboot.web.IndexControllerTest]: no resource found for suffixes {-context.xml, Context.groovy}.
2020-09-02 16:06:29.555  INFO 86528 --- [    Test worker] t.c.s.AnnotationConfigContextLoaderUtils : Could not detect default configuration classes for test class [com.jojoldo.admin.springboot.web.IndexControllerTest]: IndexControllerTest does not declare any static, non-private, non-final, nested classes annotated with @Configuration.
2020-09-02 16:06:29.558  INFO 86528 --- [    Test worker] .b.t.c.SpringBootTestContextBootstrapper : Found @SpringBootConfiguration com.jojoldo.admin.springboot.Application for test class com.jojoldo.admin.springboot.web.IndexControllerTest
2020-09-02 16:06:29.560  INFO 86528 --- [    Test worker] .b.t.c.SpringBootTestContextBootstrapper : Loaded default TestExecutionListener class names from location [META-INF/spring.factories]: [org.springframework.security.test.context.support.WithSecurityContextTestExecutionListener, org.springframework.security.test.context.support.ReactorContextTestExecutionListener, org.springframework.boot.test.autoconfigure.restdocs.RestDocsTestExecutionListener, org.springframework.boot.test.autoconfigure.web.client.MockRestServiceServerResetTestExecutionListener, org.springframework.boot.test.autoconfigure.web.servlet.MockMvcPrintOnlyOnFailureTestExecutionListener, org.springframework.boot.test.autoconfigure.web.servlet.WebDriverTestExecutionListener, org.springframework.boot.test.mock.mockito.MockitoTestExecutionListener, org.springframework.boot.test.mock.mockito.ResetMocksTestExecutionListener, org.springframework.test.context.web.ServletTestExecutionListener, org.springframework.test.context.support.DirtiesContextBeforeModesTestExecutionListener, org.springframework.test.context.support.DependencyInjectionTestExecutionListener, org.springframework.test.context.support.DirtiesContextTestExecutionListener, org.springframework.test.context.transaction.TransactionalTestExecutionListener, org.springframework.test.context.jdbc.SqlScriptsTestExecutionListener]
2020-09-02 16:06:29.561  INFO 86528 --- [    Test worker] .b.t.c.SpringBootTestContextBootstrapper : Using TestExecutionListeners: [org.springframework.test.context.web.ServletTestExecutionListener@34cccf60, org.springframework.test.context.support.DirtiesContextBeforeModesTestExecutionListener@5216cbe, org.springframework.boot.test.mock.mockito.MockitoTestExecutionListener@5224b0eb, org.springframework.boot.test.autoconfigure.SpringBootDependencyInjectionTestExecutionListener@2694e381, org.springframework.test.context.support.DirtiesContextTestExecutionListener@74f19ffc, org.springframework.test.context.transaction.TransactionalTestExecutionListener@7abb5940, org.springframework.test.context.jdbc.SqlScriptsTestExecutionListener@d6f0d14, org.springframework.security.test.context.support.WithSecurityContextTestExecutionListener@c667fd3, org.springframework.security.test.context.support.ReactorContextTestExecutionListener@74100fdc, org.springframework.boot.test.autoconfigure.restdocs.RestDocsTestExecutionListener@54412947, org.springframework.boot.test.autoconfigure.web.client.MockRestServiceServerResetTestExecutionListener@21b38976, org.springframework.boot.test.autoconfigure.web.servlet.MockMvcPrintOnlyOnFailureTestExecutionListener@1e14e274, org.springframework.boot.test.autoconfigure.web.servlet.WebDriverTestExecutionListener@6a8e7085, org.springframework.boot.test.mock.mockito.ResetMocksTestExecutionListener@37d86782]

  .   ____          _            __ _ _
 /\\ / ___'_ __ _ _(_)_ __  __ _ \ \ \ \
( ( )\___ | '_ | '_| | '_ \/ _` | \ \ \ \
 \\/  ___)| |_)| | | | | || (_| |  ) ) ) )
  '  |____| .__|_| |_|_| |_\__, | / / / /
 =========|_|==============|___/=/_/_/_/
 :: Spring Boot ::        (v2.1.7.RELEASE)

2020-09-02 16:06:29.603  INFO 86528 --- [    Test worker] c.j.a.s.web.IndexControllerTest          : Starting IndexControllerTest on choehyegeuns-MacBook-Pro.local with PID 86528 (started by choehyegeun in /Users/choehyegeun/IdeaProjects/freelec-springboot2-webservice)
2020-09-02 16:06:29.603  INFO 86528 --- [    Test worker] c.j.a.s.web.IndexControllerTest          : No active profile set, falling back to default profiles: default
2020-09-02 16:06:30.028  INFO 86528 --- [    Test worker] .s.d.r.c.RepositoryConfigurationDelegate : Bootstrapping Spring Data repositories in DEFAULT mode.
2020-09-02 16:06:30.098  INFO 86528 --- [    Test worker] .s.d.r.c.RepositoryConfigurationDelegate : Finished Spring Data repository scanning in 60ms. Found 2 repository interfaces.
2020-09-02 16:06:30.407  INFO 86528 --- [    Test worker] trationDelegate$BeanPostProcessorChecker : Bean 'org.springframework.transaction.annotation.ProxyTransactionManagementConfiguration' of type [org.springframework.transaction.annotation.ProxyTransactionManagementConfiguration$$EnhancerBySpringCGLIB$$e74d9107] is not eligible for getting processed by all BeanPostProcessors (for example: not eligible for auto-proxying)
2020-09-02 16:06:30.734  INFO 86528 --- [    Test worker] o.s.b.w.embedded.tomcat.TomcatWebServer  : Tomcat initialized with port(s): 0 (http)
2020-09-02 16:06:30.768  INFO 86528 --- [    Test worker] o.apache.catalina.core.StandardService   : Starting service [Tomcat]
2020-09-02 16:06:30.768  INFO 86528 --- [    Test worker] org.apache.catalina.core.StandardEngine  : Starting Servlet engine: [Apache Tomcat/9.0.22]
2020-09-02 16:06:30.906  INFO 86528 --- [    Test worker] o.a.c.c.C.[Tomcat].[localhost].[/]       : Initializing Spring embedded WebApplicationContext
2020-09-02 16:06:30.907  INFO 86528 --- [    Test worker] o.s.web.context.ContextLoader            : Root WebApplicationContext: initialization completed in 1302 ms
2020-09-02 16:06:31.183  INFO 86528 --- [    Test worker] com.zaxxer.hikari.HikariDataSource       : HikariPool-1 - Starting...
2020-09-02 16:06:31.431  INFO 86528 --- [    Test worker] com.zaxxer.hikari.HikariDataSource       : HikariPool-1 - Start completed.
2020-09-02 16:06:31.537  INFO 86528 --- [    Test worker] o.hibernate.jpa.internal.util.LogHelper  : HHH000204: Processing PersistenceUnitInfo [
	name: default
	...]
2020-09-02 16:06:31.635  INFO 86528 --- [    Test worker] org.hibernate.Version                    : HHH000412: Hibernate Core {5.3.10.Final}
2020-09-02 16:06:31.638  INFO 86528 --- [    Test worker] org.hibernate.cfg.Environment            : HHH000206: hibernate.properties not found
2020-09-02 16:06:31.704  INFO 86528 --- [    Test worker] o.hibernate.annotations.common.Version   : HCANN000001: Hibernate Commons Annotations {5.0.4.Final}
2020-09-02 16:06:31.899  INFO 86528 --- [    Test worker] org.hibernate.dialect.Dialect            : HHH000400: Using dialect: org.hibernate.dialect.MySQL5InnoDBDialect
Hibernate: drop table if exists posts
Hibernate: drop table if exists user
Hibernate: create table posts (id bigint not null auto_increment, created_date datetime, modified_date datetime, author varchar(255), content TEXT not null, title varchar(500) not null, primary key (id)) engine=InnoDB
Hibernate: create table user (id bigint not null auto_increment, created_date datetime, modified_date datetime, email varchar(255) not null, name varchar(255) not null, picture varchar(255), role varchar(255) not null, primary key (id)) engine=InnoDB
2020-09-02 16:06:32.883  INFO 86528 --- [    Test worker] o.h.t.schema.internal.SchemaCreatorImpl  : HHH000476: Executing import script 'org.hibernate.tool.schema.internal.exec.ScriptSourceInputNonExistentImpl@545fe03a'
2020-09-02 16:06:32.887  INFO 86528 --- [    Test worker] j.LocalContainerEntityManagerFactoryBean : Initialized JPA EntityManagerFactory for persistence unit 'default'
2020-09-02 16:06:33.584  INFO 86528 --- [    Test worker] o.h.h.i.QueryTranslatorFactoryInitiator  : HHH000397: Using ASTQueryTranslatorFactory
2020-09-02 16:06:33.948  INFO 86528 --- [    Test worker] o.s.s.web.DefaultSecurityFilterChain     : Creating filter chain: any request, [org.springframework.security.web.context.request.async.WebAsyncManagerIntegrationFilter@12766606, org.springframework.security.web.context.SecurityContextPersistenceFilter@5d198f75, org.springframework.security.web.header.HeaderWriterFilter@642ba4f8, org.springframework.security.web.authentication.logout.LogoutFilter@20dd106f, org.springframework.security.oauth2.client.web.OAuth2AuthorizationRequestRedirectFilter@286240e5, org.springframework.security.oauth2.client.web.OAuth2LoginAuthenticationFilter@506f191b, org.springframework.security.web.authentication.ui.DefaultLoginPageGeneratingFilter@312e5318, org.springframework.security.web.authentication.ui.DefaultLogoutPageGeneratingFilter@214f175f, org.springframework.security.web.savedrequest.RequestCacheAwareFilter@7a84bf02, org.springframework.security.web.servletapi.SecurityContextHolderAwareRequestFilter@4331c8ce, org.springframework.security.web.authentication.AnonymousAuthenticationFilter@9c065ac, org.springframework.security.web.session.SessionManagementFilter@e1f8e4e, org.springframework.security.web.access.ExceptionTranslationFilter@274a9d5, org.springframework.security.web.access.intercept.FilterSecurityInterceptor@10af2a05]
2020-09-02 16:06:34.164  INFO 86528 --- [    Test worker] o.s.s.concurrent.ThreadPoolTaskExecutor  : Initializing ExecutorService 'applicationTaskExecutor'
2020-09-02 16:06:34.180  WARN 86528 --- [    Test worker] aWebConfiguration$JpaWebMvcConfiguration : spring.jpa.open-in-view is enabled by default. Therefore, database queries may be performed during view rendering. Explicitly configure spring.jpa.open-in-view to disable this warning
2020-09-02 16:06:34.216  INFO 86528 --- [    Test worker] o.s.b.a.w.s.WelcomePageHandlerMapping    : Adding welcome page template: index
2020-09-02 16:06:34.507  INFO 86528 --- [    Test worker] s.a.ScheduledAnnotationBeanPostProcessor : No TaskScheduler/ScheduledExecutorService bean found for scheduled processing
2020-09-02 16:06:34.535  INFO 86528 --- [    Test worker] o.s.b.w.embedded.tomcat.TomcatWebServer  : Tomcat started on port(s): 63791 (http) with context path ''
2020-09-02 16:06:34.536  INFO 86528 --- [    Test worker] c.j.a.s.web.IndexControllerTest          : Started IndexControllerTest in 4.973 seconds (JVM running for 9.155)
2020-09-02 16:06:34.645  INFO 86528 --- [o-auto-1-exec-1] o.a.c.c.C.[Tomcat].[localhost].[/]       : Initializing Spring DispatcherServlet 'dispatcherServlet'
2020-09-02 16:06:34.646  INFO 86528 --- [o-auto-1-exec-1] o.s.web.servlet.DispatcherServlet        : Initializing Servlet 'dispatcherServlet'
2020-09-02 16:06:34.666  INFO 86528 --- [o-auto-1-exec-1] o.s.web.servlet.DispatcherServlet        : Completed initialization in 20 ms
Hibernate: select posts0_.id as id1_0_, posts0_.created_date as created_2_0_, posts0_.modified_date as modified3_0_, posts0_.author as author4_0_, posts0_.content as content5_0_, posts0_.title as title6_0_ from posts posts0_ order by posts0_.id DESC
]]></system-out>
  <system-err><![CDATA[]]></system-err>
</testsuite>
