<?xml version="1.0" encoding="UTF-8"?>
<testsuite name="com.jojoldo.admin.springboot.web.IndexControllerTest" tests="1" skipped="0" failures="0" errors="0" timestamp="2020-09-02T07:44:13" hostname="choehyegeuns-MacBook-Pro.local" time="0.174">
  <properties/>
  <testcase name="메인페이지_로딩" classname="com.jojoldo.admin.springboot.web.IndexControllerTest" time="0.174"/>
  <system-out><![CDATA[2020-09-02 16:44:11.913  INFO 86767 --- [    Test worker] .b.t.c.SpringBootTestContextBootstrapper : Neither @ContextConfiguration nor @ContextHierarchy found for test class [com.jojoldo.admin.springboot.web.IndexControllerTest], using SpringBootContextLoader
2020-09-02 16:44:11.914  INFO 86767 --- [    Test worker] o.s.t.c.support.AbstractContextLoader    : Could not detect default resource locations for test class [com.jojoldo.admin.springboot.web.IndexControllerTest]: no resource found for suffixes {-context.xml, Context.groovy}.
2020-09-02 16:44:11.914  INFO 86767 --- [    Test worker] t.c.s.AnnotationConfigContextLoaderUtils : Could not detect default configuration classes for test class [com.jojoldo.admin.springboot.web.IndexControllerTest]: IndexControllerTest does not declare any static, non-private, non-final, nested classes annotated with @Configuration.
2020-09-02 16:44:11.915  INFO 86767 --- [    Test worker] .b.t.c.SpringBootTestContextBootstrapper : Found @SpringBootConfiguration com.jojoldo.admin.springboot.Application for test class com.jojoldo.admin.springboot.web.IndexControllerTest
2020-09-02 16:44:11.916  INFO 86767 --- [    Test worker] .b.t.c.SpringBootTestContextBootstrapper : Loaded default TestExecutionListener class names from location [META-INF/spring.factories]: [org.springframework.security.test.context.support.WithSecurityContextTestExecutionListener, org.springframework.security.test.context.support.ReactorContextTestExecutionListener, org.springframework.boot.test.autoconfigure.restdocs.RestDocsTestExecutionListener, org.springframework.boot.test.autoconfigure.web.client.MockRestServiceServerResetTestExecutionListener, org.springframework.boot.test.autoconfigure.web.servlet.MockMvcPrintOnlyOnFailureTestExecutionListener, org.springframework.boot.test.autoconfigure.web.servlet.WebDriverTestExecutionListener, org.springframework.boot.test.mock.mockito.MockitoTestExecutionListener, org.springframework.boot.test.mock.mockito.ResetMocksTestExecutionListener, org.springframework.test.context.web.ServletTestExecutionListener, org.springframework.test.context.support.DirtiesContextBeforeModesTestExecutionListener, org.springframework.test.context.support.DependencyInjectionTestExecutionListener, org.springframework.test.context.support.DirtiesContextTestExecutionListener, org.springframework.test.context.transaction.TransactionalTestExecutionListener, org.springframework.test.context.jdbc.SqlScriptsTestExecutionListener]
2020-09-02 16:44:11.917  INFO 86767 --- [    Test worker] .b.t.c.SpringBootTestContextBootstrapper : Using TestExecutionListeners: [org.springframework.test.context.web.ServletTestExecutionListener@38672122, org.springframework.test.context.support.DirtiesContextBeforeModesTestExecutionListener@15dddcb8, org.springframework.boot.test.mock.mockito.MockitoTestExecutionListener@3fd3da38, org.springframework.boot.test.autoconfigure.SpringBootDependencyInjectionTestExecutionListener@43f26ae7, org.springframework.test.context.support.DirtiesContextTestExecutionListener@421d2d8a, org.springframework.test.context.transaction.TransactionalTestExecutionListener@39de016d, org.springframework.test.context.jdbc.SqlScriptsTestExecutionListener@187d0e74, org.springframework.security.test.context.support.WithSecurityContextTestExecutionListener@4888face, org.springframework.security.test.context.support.ReactorContextTestExecutionListener@6352ff28, org.springframework.boot.test.autoconfigure.restdocs.RestDocsTestExecutionListener@2ace5f46, org.springframework.boot.test.autoconfigure.web.client.MockRestServiceServerResetTestExecutionListener@5a30eac5, org.springframework.boot.test.autoconfigure.web.servlet.MockMvcPrintOnlyOnFailureTestExecutionListener@556135c7, org.springframework.boot.test.autoconfigure.web.servlet.WebDriverTestExecutionListener@21be2bfc, org.springframework.boot.test.mock.mockito.ResetMocksTestExecutionListener@795274e2]

  .   ____          _            __ _ _
 /\\ / ___'_ __ _ _(_)_ __  __ _ \ \ \ \
( ( )\___ | '_ | '_| | '_ \/ _` | \ \ \ \
 \\/  ___)| |_)| | | | | || (_| |  ) ) ) )
  '  |____| .__|_| |_|_| |_\__, | / / / /
 =========|_|==============|___/=/_/_/_/
 :: Spring Boot ::        (v2.1.7.RELEASE)

2020-09-02 16:44:11.948  INFO 86767 --- [    Test worker] c.j.a.s.web.IndexControllerTest          : Starting IndexControllerTest on choehyegeuns-MacBook-Pro.local with PID 86767 (started by choehyegeun in /Users/choehyegeun/IdeaProjects/freelec-springboot2-webservice)
2020-09-02 16:44:11.948  INFO 86767 --- [    Test worker] c.j.a.s.web.IndexControllerTest          : No active profile set, falling back to default profiles: default
2020-09-02 16:44:12.111  INFO 86767 --- [    Test worker] .s.d.r.c.RepositoryConfigurationDelegate : Bootstrapping Spring Data repositories in DEFAULT mode.
2020-09-02 16:44:12.125  INFO 86767 --- [    Test worker] .s.d.r.c.RepositoryConfigurationDelegate : Finished Spring Data repository scanning in 13ms. Found 2 repository interfaces.
2020-09-02 16:44:12.209  INFO 86767 --- [    Test worker] trationDelegate$BeanPostProcessorChecker : Bean 'org.springframework.transaction.annotation.ProxyTransactionManagementConfiguration' of type [org.springframework.transaction.annotation.ProxyTransactionManagementConfiguration$$EnhancerBySpringCGLIB$$70aa564] is not eligible for getting processed by all BeanPostProcessors (for example: not eligible for auto-proxying)
2020-09-02 16:44:12.406  INFO 86767 --- [    Test worker] o.s.b.w.embedded.tomcat.TomcatWebServer  : Tomcat initialized with port(s): 0 (http)
2020-09-02 16:44:12.439  INFO 86767 --- [    Test worker] o.apache.catalina.core.StandardService   : Starting service [Tomcat]
2020-09-02 16:44:12.439  INFO 86767 --- [    Test worker] org.apache.catalina.core.StandardEngine  : Starting Servlet engine: [Apache Tomcat/9.0.22]
2020-09-02 16:44:12.574  INFO 86767 --- [    Test worker] o.a.c.c.C.[Tomcat].[localhost].[/]       : Initializing Spring embedded WebApplicationContext
2020-09-02 16:44:12.574  INFO 86767 --- [    Test worker] o.s.web.context.ContextLoader            : Root WebApplicationContext: initialization completed in 623 ms
2020-09-02 16:44:12.724  INFO 86767 --- [    Test worker] com.zaxxer.hikari.HikariDataSource       : HikariPool-2 - Starting...
2020-09-02 16:44:12.725  INFO 86767 --- [    Test worker] com.zaxxer.hikari.HikariDataSource       : HikariPool-2 - Start completed.
2020-09-02 16:44:12.754  INFO 86767 --- [    Test worker] o.hibernate.jpa.internal.util.LogHelper  : HHH000204: Processing PersistenceUnitInfo [
	name: default
	...]
2020-09-02 16:44:12.762  INFO 86767 --- [    Test worker] org.hibernate.dialect.Dialect            : HHH000400: Using dialect: org.hibernate.dialect.MySQL5InnoDBDialect
Hibernate: drop table if exists posts
Hibernate: drop table if exists user
Hibernate: create table posts (id bigint not null auto_increment, created_date datetime, modified_date datetime, author varchar(255), content TEXT not null, title varchar(500) not null, primary key (id)) engine=InnoDB
Hibernate: create table user (id bigint not null auto_increment, created_date datetime, modified_date datetime, email varchar(255) not null, name varchar(255) not null, picture varchar(255), role varchar(255) not null, primary key (id)) engine=InnoDB
2020-09-02 16:44:12.821  INFO 86767 --- [    Test worker] o.h.t.schema.internal.SchemaCreatorImpl  : HHH000476: Executing import script 'org.hibernate.tool.schema.internal.exec.ScriptSourceInputNonExistentImpl@295b9813'
2020-09-02 16:44:12.821  INFO 86767 --- [    Test worker] j.LocalContainerEntityManagerFactoryBean : Initialized JPA EntityManagerFactory for persistence unit 'default'
2020-09-02 16:44:13.088  INFO 86767 --- [    Test worker] o.h.h.i.QueryTranslatorFactoryInitiator  : HHH000397: Using ASTQueryTranslatorFactory
2020-09-02 16:44:13.218  INFO 86767 --- [    Test worker] o.s.s.web.DefaultSecurityFilterChain     : Creating filter chain: any request, [org.springframework.security.web.context.request.async.WebAsyncManagerIntegrationFilter@33acc4dc, org.springframework.security.web.context.SecurityContextPersistenceFilter@44f673d5, org.springframework.security.web.header.HeaderWriterFilter@2d9211cb, org.springframework.security.web.authentication.logout.LogoutFilter@cac80a, org.springframework.security.oauth2.client.web.OAuth2AuthorizationRequestRedirectFilter@1fb82f09, org.springframework.security.oauth2.client.web.OAuth2LoginAuthenticationFilter@3e133ea7, org.springframework.security.web.authentication.ui.DefaultLoginPageGeneratingFilter@775565ee, org.springframework.security.web.authentication.ui.DefaultLogoutPageGeneratingFilter@42100abe, org.springframework.security.web.savedrequest.RequestCacheAwareFilter@6632655e, org.springframework.security.web.servletapi.SecurityContextHolderAwareRequestFilter@5b132c1a, org.springframework.security.web.authentication.AnonymousAuthenticationFilter@1c0ea592, org.springframework.security.web.session.SessionManagementFilter@562f48ae, org.springframework.security.web.access.ExceptionTranslationFilter@ae5106d, org.springframework.security.web.access.intercept.FilterSecurityInterceptor@5d659512]
2020-09-02 16:44:13.380  INFO 86767 --- [    Test worker] o.s.s.concurrent.ThreadPoolTaskExecutor  : Initializing ExecutorService 'applicationTaskExecutor'
2020-09-02 16:44:13.390  WARN 86767 --- [    Test worker] aWebConfiguration$JpaWebMvcConfiguration : spring.jpa.open-in-view is enabled by default. Therefore, database queries may be performed during view rendering. Explicitly configure spring.jpa.open-in-view to disable this warning
2020-09-02 16:44:13.410  INFO 86767 --- [    Test worker] o.s.b.a.w.s.WelcomePageHandlerMapping    : Adding welcome page template: index
2020-09-02 16:44:13.623  INFO 86767 --- [    Test worker] s.a.ScheduledAnnotationBeanPostProcessor : No TaskScheduler/ScheduledExecutorService bean found for scheduled processing
2020-09-02 16:44:13.641  INFO 86767 --- [    Test worker] o.s.b.w.embedded.tomcat.TomcatWebServer  : Tomcat started on port(s): 64376 (http) with context path ''
2020-09-02 16:44:13.642  INFO 86767 --- [    Test worker] c.j.a.s.web.IndexControllerTest          : Started IndexControllerTest in 1.724 seconds (JVM running for 9.999)
2020-09-02 16:44:13.722  INFO 86767 --- [o-auto-1-exec-1] o.a.c.c.C.[Tomcat].[localhost].[/]       : Initializing Spring DispatcherServlet 'dispatcherServlet'
2020-09-02 16:44:13.723  INFO 86767 --- [o-auto-1-exec-1] o.s.web.servlet.DispatcherServlet        : Initializing Servlet 'dispatcherServlet'
2020-09-02 16:44:13.749  INFO 86767 --- [o-auto-1-exec-1] o.s.web.servlet.DispatcherServlet        : Completed initialization in 26 ms
Hibernate: select posts0_.id as id1_0_, posts0_.created_date as created_2_0_, posts0_.modified_date as modified3_0_, posts0_.author as author4_0_, posts0_.content as content5_0_, posts0_.title as title6_0_ from posts posts0_ order by posts0_.id DESC
]]></system-out>
  <system-err><![CDATA[]]></system-err>
</testsuite>
