<?xml version="1.0" encoding="UTF-8"?>
<testsuite name="com.jojoldo.admin.springboot.web.IndexControllerTest" tests="1" skipped="0" failures="0" errors="0" timestamp="2020-09-01T04:27:44" hostname="choehyegeuns-MacBook-Pro.local" time="0.316">
  <properties/>
  <testcase name="메인페이지_로딩" classname="com.jojoldo.admin.springboot.web.IndexControllerTest" time="0.316"/>
  <system-out><![CDATA[13:27:37.359 [Test worker] DEBUG org.springframework.test.context.junit4.SpringJUnit4ClassRunner - SpringJUnit4ClassRunner constructor called with [class com.jojoldo.admin.springboot.web.IndexControllerTest]
13:27:37.366 [Test worker] DEBUG org.springframework.test.context.BootstrapUtils - Instantiating CacheAwareContextLoaderDelegate from class [org.springframework.test.context.cache.DefaultCacheAwareContextLoaderDelegate]
13:27:37.375 [Test worker] DEBUG org.springframework.test.context.BootstrapUtils - Instantiating BootstrapContext using constructor [public org.springframework.test.context.support.DefaultBootstrapContext(java.lang.Class,org.springframework.test.context.CacheAwareContextLoaderDelegate)]
13:27:37.393 [Test worker] DEBUG org.springframework.test.context.BootstrapUtils - Instantiating TestContextBootstrapper for test class [com.jojoldo.admin.springboot.web.IndexControllerTest] from class [org.springframework.boot.test.context.SpringBootTestContextBootstrapper]
13:27:37.405 [Test worker] INFO org.springframework.boot.test.context.SpringBootTestContextBootstrapper - Neither @ContextConfiguration nor @ContextHierarchy found for test class [com.jojoldo.admin.springboot.web.IndexControllerTest], using SpringBootContextLoader
13:27:37.408 [Test worker] DEBUG org.springframework.test.context.support.AbstractContextLoader - Did not detect default resource location for test class [com.jojoldo.admin.springboot.web.IndexControllerTest]: class path resource [com/jojoldo/admin/springboot/web/IndexControllerTest-context.xml] does not exist
13:27:37.408 [Test worker] DEBUG org.springframework.test.context.support.AbstractContextLoader - Did not detect default resource location for test class [com.jojoldo.admin.springboot.web.IndexControllerTest]: class path resource [com/jojoldo/admin/springboot/web/IndexControllerTestContext.groovy] does not exist
13:27:37.408 [Test worker] INFO org.springframework.test.context.support.AbstractContextLoader - Could not detect default resource locations for test class [com.jojoldo.admin.springboot.web.IndexControllerTest]: no resource found for suffixes {-context.xml, Context.groovy}.
13:27:37.409 [Test worker] INFO org.springframework.test.context.support.AnnotationConfigContextLoaderUtils - Could not detect default configuration classes for test class [com.jojoldo.admin.springboot.web.IndexControllerTest]: IndexControllerTest does not declare any static, non-private, non-final, nested classes annotated with @Configuration.
13:27:37.452 [Test worker] DEBUG org.springframework.test.context.support.ActiveProfilesUtils - Could not find an 'annotation declaring class' for annotation type [org.springframework.test.context.ActiveProfiles] and class [com.jojoldo.admin.springboot.web.IndexControllerTest]
13:27:37.561 [Test worker] DEBUG org.springframework.context.annotation.ClassPathScanningCandidateComponentProvider - Identified candidate component class: file [/Users/choehyegeun/IdeaProjects/freelec-springboot2-webservice/build/classes/java/main/com/jojoldo/admin/springboot/Application.class]
13:27:37.562 [Test worker] INFO org.springframework.boot.test.context.SpringBootTestContextBootstrapper - Found @SpringBootConfiguration com.jojoldo.admin.springboot.Application for test class com.jojoldo.admin.springboot.web.IndexControllerTest
13:27:37.692 [Test worker] DEBUG org.springframework.boot.test.context.SpringBootTestContextBootstrapper - @TestExecutionListeners is not present for class [com.jojoldo.admin.springboot.web.IndexControllerTest]: using defaults.
13:27:37.693 [Test worker] INFO org.springframework.boot.test.context.SpringBootTestContextBootstrapper - Loaded default TestExecutionListener class names from location [META-INF/spring.factories]: [org.springframework.security.test.context.support.WithSecurityContextTestExecutionListener, org.springframework.security.test.context.support.ReactorContextTestExecutionListener, org.springframework.boot.test.autoconfigure.restdocs.RestDocsTestExecutionListener, org.springframework.boot.test.autoconfigure.web.client.MockRestServiceServerResetTestExecutionListener, org.springframework.boot.test.autoconfigure.web.servlet.MockMvcPrintOnlyOnFailureTestExecutionListener, org.springframework.boot.test.autoconfigure.web.servlet.WebDriverTestExecutionListener, org.springframework.boot.test.mock.mockito.MockitoTestExecutionListener, org.springframework.boot.test.mock.mockito.ResetMocksTestExecutionListener, org.springframework.test.context.web.ServletTestExecutionListener, org.springframework.test.context.support.DirtiesContextBeforeModesTestExecutionListener, org.springframework.test.context.support.DependencyInjectionTestExecutionListener, org.springframework.test.context.support.DirtiesContextTestExecutionListener, org.springframework.test.context.transaction.TransactionalTestExecutionListener, org.springframework.test.context.jdbc.SqlScriptsTestExecutionListener]
13:27:37.714 [Test worker] INFO org.springframework.boot.test.context.SpringBootTestContextBootstrapper - Using TestExecutionListeners: [org.springframework.test.context.web.ServletTestExecutionListener@41388b7f, org.springframework.test.context.support.DirtiesContextBeforeModesTestExecutionListener@11148fa7, org.springframework.boot.test.mock.mockito.MockitoTestExecutionListener@4172f0fa, org.springframework.boot.test.autoconfigure.SpringBootDependencyInjectionTestExecutionListener@1640faed, org.springframework.test.context.support.DirtiesContextTestExecutionListener@13a6f829, org.springframework.test.context.transaction.TransactionalTestExecutionListener@267a244d, org.springframework.test.context.jdbc.SqlScriptsTestExecutionListener@7059e558, org.springframework.security.test.context.support.WithSecurityContextTestExecutionListener@615fee2c, org.springframework.security.test.context.support.ReactorContextTestExecutionListener@451c259e, org.springframework.boot.test.autoconfigure.restdocs.RestDocsTestExecutionListener@3233293c, org.springframework.boot.test.autoconfigure.web.client.MockRestServiceServerResetTestExecutionListener@dff6907, org.springframework.boot.test.autoconfigure.web.servlet.MockMvcPrintOnlyOnFailureTestExecutionListener@13cfc81a, org.springframework.boot.test.autoconfigure.web.servlet.WebDriverTestExecutionListener@37db2f28, org.springframework.boot.test.mock.mockito.ResetMocksTestExecutionListener@1c8a9a26]
13:27:37.718 [Test worker] DEBUG org.springframework.test.annotation.ProfileValueUtils - Retrieved @ProfileValueSourceConfiguration [null] for test class [com.jojoldo.admin.springboot.web.IndexControllerTest]
13:27:37.719 [Test worker] DEBUG org.springframework.test.annotation.ProfileValueUtils - Retrieved ProfileValueSource type [class org.springframework.test.annotation.SystemProfileValueSource] for class [com.jojoldo.admin.springboot.web.IndexControllerTest]
13:27:37.720 [Test worker] DEBUG org.springframework.test.annotation.ProfileValueUtils - Retrieved @ProfileValueSourceConfiguration [null] for test class [com.jojoldo.admin.springboot.web.IndexControllerTest]
13:27:37.720 [Test worker] DEBUG org.springframework.test.annotation.ProfileValueUtils - Retrieved ProfileValueSource type [class org.springframework.test.annotation.SystemProfileValueSource] for class [com.jojoldo.admin.springboot.web.IndexControllerTest]
13:27:37.727 [Test worker] DEBUG org.springframework.test.context.support.AbstractDirtiesContextTestExecutionListener - Before test class: context [DefaultTestContext@d59ccf6 testClass = IndexControllerTest, testInstance = [null], testMethod = [null], testException = [null], mergedContextConfiguration = [WebMergedContextConfiguration@5017cf9f testClass = IndexControllerTest, locations = '{}', classes = '{class com.jojoldo.admin.springboot.Application}', contextInitializerClasses = '[]', activeProfiles = '{}', propertySourceLocations = '{}', propertySourceProperties = '{org.springframework.boot.test.context.SpringBootTestContextBootstrapper=true, server.port=0}', contextCustomizers = set[org.springframework.boot.test.autoconfigure.properties.PropertyMappingContextCustomizer@0, org.springframework.boot.test.autoconfigure.web.servlet.WebDriverContextCustomizerFactory$Customizer@6ab94da4, org.springframework.boot.test.context.filter.ExcludeFilterContextCustomizer@119b665d, org.springframework.boot.test.json.DuplicateJsonObjectContextCustomizerFactory$DuplicateJsonObjectContextCustomizer@6582be33, org.springframework.boot.test.mock.mockito.MockitoContextCustomizer@0, org.springframework.boot.test.web.client.TestRestTemplateContextCustomizer@7eb6985f], resourceBasePath = 'src/main/webapp', contextLoader = 'org.springframework.boot.test.context.SpringBootContextLoader', parent = [null]], attributes = map['org.springframework.test.context.web.ServletTestExecutionListener.activateListener' -> false]], class annotated with @DirtiesContext [false] with mode [null].
13:27:37.727 [Test worker] DEBUG org.springframework.test.annotation.ProfileValueUtils - Retrieved @ProfileValueSourceConfiguration [null] for test class [com.jojoldo.admin.springboot.web.IndexControllerTest]
13:27:37.728 [Test worker] DEBUG org.springframework.test.annotation.ProfileValueUtils - Retrieved ProfileValueSource type [class org.springframework.test.annotation.SystemProfileValueSource] for class [com.jojoldo.admin.springboot.web.IndexControllerTest]
13:27:37.734 [Test worker] DEBUG org.springframework.test.context.support.DependencyInjectionTestExecutionListener - Performing dependency injection for test context [[DefaultTestContext@d59ccf6 testClass = IndexControllerTest, testInstance = com.jojoldo.admin.springboot.web.IndexControllerTest@683a7435, testMethod = [null], testException = [null], mergedContextConfiguration = [WebMergedContextConfiguration@5017cf9f testClass = IndexControllerTest, locations = '{}', classes = '{class com.jojoldo.admin.springboot.Application}', contextInitializerClasses = '[]', activeProfiles = '{}', propertySourceLocations = '{}', propertySourceProperties = '{org.springframework.boot.test.context.SpringBootTestContextBootstrapper=true, server.port=0}', contextCustomizers = set[org.springframework.boot.test.autoconfigure.properties.PropertyMappingContextCustomizer@0, org.springframework.boot.test.autoconfigure.web.servlet.WebDriverContextCustomizerFactory$Customizer@6ab94da4, org.springframework.boot.test.context.filter.ExcludeFilterContextCustomizer@119b665d, org.springframework.boot.test.json.DuplicateJsonObjectContextCustomizerFactory$DuplicateJsonObjectContextCustomizer@6582be33, org.springframework.boot.test.mock.mockito.MockitoContextCustomizer@0, org.springframework.boot.test.web.client.TestRestTemplateContextCustomizer@7eb6985f], resourceBasePath = 'src/main/webapp', contextLoader = 'org.springframework.boot.test.context.SpringBootContextLoader', parent = [null]], attributes = map['org.springframework.test.context.web.ServletTestExecutionListener.activateListener' -> false]]].
13:27:37.757 [Test worker] DEBUG org.springframework.test.context.support.TestPropertySourceUtils - Adding inlined properties to environment: {spring.jmx.enabled=false, org.springframework.boot.test.context.SpringBootTestContextBootstrapper=true, server.port=0}

  .   ____          _            __ _ _
 /\\ / ___'_ __ _ _(_)_ __  __ _ \ \ \ \
( ( )\___ | '_ | '_| | '_ \/ _` | \ \ \ \
 \\/  ___)| |_)| | | | | || (_| |  ) ) ) )
  '  |____| .__|_| |_|_| |_\__, | / / / /
 =========|_|==============|___/=/_/_/_/
 :: Spring Boot ::        (v2.1.7.RELEASE)

2020-09-01 13:27:38.062  INFO 82871 --- [    Test worker] c.j.a.s.web.IndexControllerTest          : Starting IndexControllerTest on choehyegeuns-MacBook-Pro.local with PID 82871 (started by choehyegeun in /Users/choehyegeun/IdeaProjects/freelec-springboot2-webservice)
2020-09-01 13:27:38.064  INFO 82871 --- [    Test worker] c.j.a.s.web.IndexControllerTest          : No active profile set, falling back to default profiles: default
2020-09-01 13:27:39.242  INFO 82871 --- [    Test worker] .s.d.r.c.RepositoryConfigurationDelegate : Bootstrapping Spring Data repositories in DEFAULT mode.
2020-09-01 13:27:39.361  INFO 82871 --- [    Test worker] .s.d.r.c.RepositoryConfigurationDelegate : Finished Spring Data repository scanning in 102ms. Found 2 repository interfaces.
2020-09-01 13:27:39.983  INFO 82871 --- [    Test worker] trationDelegate$BeanPostProcessorChecker : Bean 'org.springframework.transaction.annotation.ProxyTransactionManagementConfiguration' of type [org.springframework.transaction.annotation.ProxyTransactionManagementConfiguration$$EnhancerBySpringCGLIB$$4e36d5df] is not eligible for getting processed by all BeanPostProcessors (for example: not eligible for auto-proxying)
2020-09-01 13:27:40.566  INFO 82871 --- [    Test worker] o.s.b.w.embedded.tomcat.TomcatWebServer  : Tomcat initialized with port(s): 0 (http)
2020-09-01 13:27:40.607  INFO 82871 --- [    Test worker] o.apache.catalina.core.StandardService   : Starting service [Tomcat]
2020-09-01 13:27:40.608  INFO 82871 --- [    Test worker] org.apache.catalina.core.StandardEngine  : Starting Servlet engine: [Apache Tomcat/9.0.22]
2020-09-01 13:27:40.770  INFO 82871 --- [    Test worker] o.a.c.c.C.[Tomcat].[localhost].[/]       : Initializing Spring embedded WebApplicationContext
2020-09-01 13:27:40.770  INFO 82871 --- [    Test worker] o.s.web.context.ContextLoader            : Root WebApplicationContext: initialization completed in 2656 ms
2020-09-01 13:27:41.139  INFO 82871 --- [    Test worker] com.zaxxer.hikari.HikariDataSource       : HikariPool-1 - Starting...
2020-09-01 13:27:41.369  INFO 82871 --- [    Test worker] com.zaxxer.hikari.HikariDataSource       : HikariPool-1 - Start completed.
2020-09-01 13:27:41.511  INFO 82871 --- [    Test worker] o.hibernate.jpa.internal.util.LogHelper  : HHH000204: Processing PersistenceUnitInfo [
	name: default
	...]
2020-09-01 13:27:41.582  INFO 82871 --- [    Test worker] org.hibernate.Version                    : HHH000412: Hibernate Core {5.3.10.Final}
2020-09-01 13:27:41.586  INFO 82871 --- [    Test worker] org.hibernate.cfg.Environment            : HHH000206: hibernate.properties not found
2020-09-01 13:27:41.756  INFO 82871 --- [    Test worker] o.hibernate.annotations.common.Version   : HCANN000001: Hibernate Commons Annotations {5.0.4.Final}
2020-09-01 13:27:41.911  INFO 82871 --- [    Test worker] org.hibernate.dialect.Dialect            : HHH000400: Using dialect: org.hibernate.dialect.MySQL5InnoDBDialect
Hibernate: drop table if exists posts
Hibernate: drop table if exists user
Hibernate: create table posts (id bigint not null auto_increment, created_date datetime, modified_date datetime, author varchar(255), content TEXT not null, title varchar(500) not null, primary key (id)) engine=InnoDB
Hibernate: create table user (id bigint not null auto_increment, created_date datetime, modified_date datetime, email varchar(255) not null, name varchar(255) not null, picture varchar(255), role varchar(255) not null, primary key (id)) engine=InnoDB
2020-09-01 13:27:42.723  INFO 82871 --- [    Test worker] o.h.t.schema.internal.SchemaCreatorImpl  : HHH000476: Executing import script 'org.hibernate.tool.schema.internal.exec.ScriptSourceInputNonExistentImpl@7b3fad5f'
2020-09-01 13:27:42.728  INFO 82871 --- [    Test worker] j.LocalContainerEntityManagerFactoryBean : Initialized JPA EntityManagerFactory for persistence unit 'default'
2020-09-01 13:27:43.565  INFO 82871 --- [    Test worker] o.h.h.i.QueryTranslatorFactoryInitiator  : HHH000397: Using ASTQueryTranslatorFactory
2020-09-01 13:27:43.974  INFO 82871 --- [    Test worker] o.s.s.web.DefaultSecurityFilterChain     : Creating filter chain: any request, [org.springframework.security.web.context.request.async.WebAsyncManagerIntegrationFilter@1d1af9a6, org.springframework.security.web.context.SecurityContextPersistenceFilter@5e4b293f, org.springframework.security.web.header.HeaderWriterFilter@dfe65e, org.springframework.security.web.authentication.logout.LogoutFilter@4202c2a9, org.springframework.security.oauth2.client.web.OAuth2AuthorizationRequestRedirectFilter@63234e95, org.springframework.security.oauth2.client.web.OAuth2LoginAuthenticationFilter@26732270, org.springframework.security.web.authentication.ui.DefaultLoginPageGeneratingFilter@4c6e685a, org.springframework.security.web.authentication.ui.DefaultLogoutPageGeneratingFilter@51613472, org.springframework.security.web.savedrequest.RequestCacheAwareFilter@665ecbf5, org.springframework.security.web.servletapi.SecurityContextHolderAwareRequestFilter@445b3597, org.springframework.security.web.authentication.AnonymousAuthenticationFilter@3dfbd46a, org.springframework.security.web.session.SessionManagementFilter@4fba832e, org.springframework.security.web.access.ExceptionTranslationFilter@40f9bc74, org.springframework.security.web.access.intercept.FilterSecurityInterceptor@7dc447d]
2020-09-01 13:27:44.314  INFO 82871 --- [    Test worker] o.s.s.concurrent.ThreadPoolTaskExecutor  : Initializing ExecutorService 'applicationTaskExecutor'
2020-09-01 13:27:44.367  WARN 82871 --- [    Test worker] aWebConfiguration$JpaWebMvcConfiguration : spring.jpa.open-in-view is enabled by default. Therefore, database queries may be performed during view rendering. Explicitly configure spring.jpa.open-in-view to disable this warning
2020-09-01 13:27:44.424  INFO 82871 --- [    Test worker] o.s.b.a.w.s.WelcomePageHandlerMapping    : Adding welcome page template: index
2020-09-01 13:27:44.789  INFO 82871 --- [    Test worker] s.a.ScheduledAnnotationBeanPostProcessor : No TaskScheduler/ScheduledExecutorService bean found for scheduled processing
2020-09-01 13:27:44.817  INFO 82871 --- [    Test worker] o.s.b.w.embedded.tomcat.TomcatWebServer  : Tomcat started on port(s): 55387 (http) with context path ''
2020-09-01 13:27:44.820  INFO 82871 --- [    Test worker] c.j.a.s.web.IndexControllerTest          : Started IndexControllerTest in 7.06 seconds (JVM running for 8.02)
2020-09-01 13:27:44.964  INFO 82871 --- [o-auto-1-exec-1] o.a.c.c.C.[Tomcat].[localhost].[/]       : Initializing Spring DispatcherServlet 'dispatcherServlet'
2020-09-01 13:27:44.965  INFO 82871 --- [o-auto-1-exec-1] o.s.web.servlet.DispatcherServlet        : Initializing Servlet 'dispatcherServlet'
2020-09-01 13:27:44.989  INFO 82871 --- [o-auto-1-exec-1] o.s.web.servlet.DispatcherServlet        : Completed initialization in 23 ms
Hibernate: select posts0_.id as id1_0_, posts0_.created_date as created_2_0_, posts0_.modified_date as modified3_0_, posts0_.author as author4_0_, posts0_.content as content5_0_, posts0_.title as title6_0_ from posts posts0_ order by posts0_.id DESC
]]></system-out>
  <system-err><![CDATA[]]></system-err>
</testsuite>
