<?xml version="1.0" encoding="UTF-8"?>
<testsuite name="com.jojoldo.admin.springboot.web.HelloControllerTest" tests="2" skipped="0" failures="0" errors="0" timestamp="2020-09-02T07:44:11" hostname="choehyegeuns-MacBook-Pro.local" time="0.135">
  <properties/>
  <testcase name="hello가_리턴된다" classname="com.jojoldo.admin.springboot.web.HelloControllerTest" time="0.055"/>
  <testcase name="helloDto가_리턴된다" classname="com.jojoldo.admin.springboot.web.HelloControllerTest" time="0.079"/>
  <system-out><![CDATA[2020-09-02 16:44:10.970  INFO 86767 --- [    Test worker] .b.t.a.w.s.WebMvcTestContextBootstrapper : Neither @ContextConfiguration nor @ContextHierarchy found for test class [com.jojoldo.admin.springboot.web.HelloControllerTest], using SpringBootContextLoader
2020-09-02 16:44:10.971  INFO 86767 --- [    Test worker] o.s.t.c.support.AbstractContextLoader    : Could not detect default resource locations for test class [com.jojoldo.admin.springboot.web.HelloControllerTest]: no resource found for suffixes {-context.xml, Context.groovy}.
2020-09-02 16:44:10.971  INFO 86767 --- [    Test worker] t.c.s.AnnotationConfigContextLoaderUtils : Could not detect default configuration classes for test class [com.jojoldo.admin.springboot.web.HelloControllerTest]: HelloControllerTest does not declare any static, non-private, non-final, nested classes annotated with @Configuration.
2020-09-02 16:44:10.992  INFO 86767 --- [    Test worker] .b.t.c.SpringBootTestContextBootstrapper : Found @SpringBootConfiguration com.jojoldo.admin.springboot.Application for test class com.jojoldo.admin.springboot.web.HelloControllerTest
2020-09-02 16:44:10.993  INFO 86767 --- [    Test worker] .b.t.a.w.s.WebMvcTestContextBootstrapper : Loaded default TestExecutionListener class names from location [META-INF/spring.factories]: [org.springframework.security.test.context.support.WithSecurityContextTestExecutionListener, org.springframework.security.test.context.support.ReactorContextTestExecutionListener, org.springframework.boot.test.autoconfigure.restdocs.RestDocsTestExecutionListener, org.springframework.boot.test.autoconfigure.web.client.MockRestServiceServerResetTestExecutionListener, org.springframework.boot.test.autoconfigure.web.servlet.MockMvcPrintOnlyOnFailureTestExecutionListener, org.springframework.boot.test.autoconfigure.web.servlet.WebDriverTestExecutionListener, org.springframework.boot.test.mock.mockito.MockitoTestExecutionListener, org.springframework.boot.test.mock.mockito.ResetMocksTestExecutionListener, org.springframework.test.context.web.ServletTestExecutionListener, org.springframework.test.context.support.DirtiesContextBeforeModesTestExecutionListener, org.springframework.test.context.support.DependencyInjectionTestExecutionListener, org.springframework.test.context.support.DirtiesContextTestExecutionListener, org.springframework.test.context.transaction.TransactionalTestExecutionListener, org.springframework.test.context.jdbc.SqlScriptsTestExecutionListener]
2020-09-02 16:44:10.994  INFO 86767 --- [    Test worker] .b.t.a.w.s.WebMvcTestContextBootstrapper : Using TestExecutionListeners: [org.springframework.test.context.web.ServletTestExecutionListener@3adf0326, org.springframework.test.context.support.DirtiesContextBeforeModesTestExecutionListener@253e2f87, org.springframework.boot.test.mock.mockito.MockitoTestExecutionListener@2e50045a, org.springframework.boot.test.autoconfigure.SpringBootDependencyInjectionTestExecutionListener@19c45cef, org.springframework.test.context.support.DirtiesContextTestExecutionListener@5bc0bac2, org.springframework.test.context.transaction.TransactionalTestExecutionListener@f56e42a, org.springframework.test.context.jdbc.SqlScriptsTestExecutionListener@218a534e, org.springframework.security.test.context.support.WithSecurityContextTestExecutionListener@1a1250b4, org.springframework.security.test.context.support.ReactorContextTestExecutionListener@445aff9e, org.springframework.boot.test.autoconfigure.restdocs.RestDocsTestExecutionListener@7c15248b, org.springframework.boot.test.autoconfigure.web.client.MockRestServiceServerResetTestExecutionListener@f760864, org.springframework.boot.test.autoconfigure.web.servlet.MockMvcPrintOnlyOnFailureTestExecutionListener@7e97ece, org.springframework.boot.test.autoconfigure.web.servlet.WebDriverTestExecutionListener@145cc7a2, org.springframework.boot.test.mock.mockito.ResetMocksTestExecutionListener@413898de]

  .   ____          _            __ _ _
 /\\ / ___'_ __ _ _(_)_ __  __ _ \ \ \ \
( ( )\___ | '_ | '_| | '_ \/ _` | \ \ \ \
 \\/  ___)| |_)| | | | | || (_| |  ) ) ) )
  '  |____| .__|_| |_|_| |_\__, | / / / /
 =========|_|==============|___/=/_/_/_/
 :: Spring Boot ::        (v2.1.7.RELEASE)

2020-09-02 16:44:11.024  INFO 86767 --- [    Test worker] c.j.a.s.web.HelloControllerTest          : Starting HelloControllerTest on choehyegeuns-MacBook-Pro.local with PID 86767 (started by choehyegeun in /Users/choehyegeun/IdeaProjects/freelec-springboot2-webservice)
2020-09-02 16:44:11.025  INFO 86767 --- [    Test worker] c.j.a.s.web.HelloControllerTest          : No active profile set, falling back to default profiles: default
2020-09-02 16:44:11.418  INFO 86767 --- [    Test worker] o.s.s.concurrent.ThreadPoolTaskExecutor  : Initializing ExecutorService 'applicationTaskExecutor'
2020-09-02 16:44:11.444  INFO 86767 --- [    Test worker] o.s.b.a.w.s.WelcomePageHandlerMapping    : Adding welcome page template: index
2020-09-02 16:44:11.612  INFO 86767 --- [    Test worker] .s.s.UserDetailsServiceAutoConfiguration : 

Using generated security password: 0663df98-c2f8-4fef-9635-9b909fd3bbc3

2020-09-02 16:44:11.714  INFO 86767 --- [    Test worker] o.s.s.web.DefaultSecurityFilterChain     : Creating filter chain: any request, [org.springframework.security.web.context.request.async.WebAsyncManagerIntegrationFilter@2d9a24c0, org.springframework.security.web.context.SecurityContextPersistenceFilter@37e1281c, org.springframework.security.web.header.HeaderWriterFilter@7922cee2, org.springframework.security.web.csrf.CsrfFilter@69d68923, org.springframework.security.web.authentication.logout.LogoutFilter@2bd6c657, org.springframework.security.web.authentication.UsernamePasswordAuthenticationFilter@7db25d00, org.springframework.security.web.authentication.ui.DefaultLoginPageGeneratingFilter@2e72a0a9, org.springframework.security.web.authentication.ui.DefaultLogoutPageGeneratingFilter@55fa59f5, org.springframework.security.web.authentication.www.BasicAuthenticationFilter@492ed3f8, org.springframework.security.web.savedrequest.RequestCacheAwareFilter@63f15269, org.springframework.security.web.servletapi.SecurityContextHolderAwareRequestFilter@ccbc52b, org.springframework.security.web.authentication.AnonymousAuthenticationFilter@6a74e1a1, org.springframework.security.web.session.SessionManagementFilter@2460cf74, org.springframework.security.web.access.ExceptionTranslationFilter@7d453031, org.springframework.security.web.access.intercept.FilterSecurityInterceptor@3f090fa1]
2020-09-02 16:44:11.741  INFO 86767 --- [    Test worker] o.s.b.t.m.w.SpringBootMockServletContext : Initializing Spring TestDispatcherServlet ''
2020-09-02 16:44:11.741  INFO 86767 --- [    Test worker] o.s.t.web.servlet.TestDispatcherServlet  : Initializing Servlet ''
2020-09-02 16:44:11.751  INFO 86767 --- [    Test worker] o.s.t.web.servlet.TestDispatcherServlet  : Completed initialization in 10 ms
2020-09-02 16:44:11.773  INFO 86767 --- [    Test worker] c.j.a.s.web.HelloControllerTest          : Started HelloControllerTest in 0.777 seconds (JVM running for 8.129)
]]></system-out>
  <system-err><![CDATA[]]></system-err>
</testsuite>
