<?xml version="1.0" encoding="UTF-8"?>
<testsuite name="com.jojoldo.admin.springboot.web.HelloControllerTest" tests="2" skipped="0" failures="0" errors="0" timestamp="2020-09-01T04:27:46" hostname="choehyegeuns-MacBook-Pro.local" time="0.126">
  <properties/>
  <testcase name="hello가_리턴된다" classname="com.jojoldo.admin.springboot.web.HelloControllerTest" time="0.036"/>
  <testcase name="helloDto가_리턴된다" classname="com.jojoldo.admin.springboot.web.HelloControllerTest" time="0.089"/>
  <system-out><![CDATA[2020-09-01 13:27:45.205  INFO 82871 --- [    Test worker] .b.t.a.w.s.WebMvcTestContextBootstrapper : Neither @ContextConfiguration nor @ContextHierarchy found for test class [com.jojoldo.admin.springboot.web.HelloControllerTest], using SpringBootContextLoader
2020-09-01 13:27:45.206  INFO 82871 --- [    Test worker] o.s.t.c.support.AbstractContextLoader    : Could not detect default resource locations for test class [com.jojoldo.admin.springboot.web.HelloControllerTest]: no resource found for suffixes {-context.xml, Context.groovy}.
2020-09-01 13:27:45.206  INFO 82871 --- [    Test worker] t.c.s.AnnotationConfigContextLoaderUtils : Could not detect default configuration classes for test class [com.jojoldo.admin.springboot.web.HelloControllerTest]: HelloControllerTest does not declare any static, non-private, non-final, nested classes annotated with @Configuration.
2020-09-01 13:27:45.225  INFO 82871 --- [    Test worker] .b.t.c.SpringBootTestContextBootstrapper : Found @SpringBootConfiguration com.jojoldo.admin.springboot.Application for test class com.jojoldo.admin.springboot.web.HelloControllerTest
2020-09-01 13:27:45.225  INFO 82871 --- [    Test worker] .b.t.a.w.s.WebMvcTestContextBootstrapper : Loaded default TestExecutionListener class names from location [META-INF/spring.factories]: [org.springframework.security.test.context.support.WithSecurityContextTestExecutionListener, org.springframework.security.test.context.support.ReactorContextTestExecutionListener, org.springframework.boot.test.autoconfigure.restdocs.RestDocsTestExecutionListener, org.springframework.boot.test.autoconfigure.web.client.MockRestServiceServerResetTestExecutionListener, org.springframework.boot.test.autoconfigure.web.servlet.MockMvcPrintOnlyOnFailureTestExecutionListener, org.springframework.boot.test.autoconfigure.web.servlet.WebDriverTestExecutionListener, org.springframework.boot.test.mock.mockito.MockitoTestExecutionListener, org.springframework.boot.test.mock.mockito.ResetMocksTestExecutionListener, org.springframework.test.context.web.ServletTestExecutionListener, org.springframework.test.context.support.DirtiesContextBeforeModesTestExecutionListener, org.springframework.test.context.support.DependencyInjectionTestExecutionListener, org.springframework.test.context.support.DirtiesContextTestExecutionListener, org.springframework.test.context.transaction.TransactionalTestExecutionListener, org.springframework.test.context.jdbc.SqlScriptsTestExecutionListener]
2020-09-01 13:27:45.226  INFO 82871 --- [    Test worker] .b.t.a.w.s.WebMvcTestContextBootstrapper : Using TestExecutionListeners: [org.springframework.test.context.web.ServletTestExecutionListener@7701c351, org.springframework.test.context.support.DirtiesContextBeforeModesTestExecutionListener@61307587, org.springframework.boot.test.mock.mockito.MockitoTestExecutionListener@65ae2408, org.springframework.boot.test.autoconfigure.SpringBootDependencyInjectionTestExecutionListener@c9ba1fb, org.springframework.test.context.support.DirtiesContextTestExecutionListener@75f9e072, org.springframework.test.context.transaction.TransactionalTestExecutionListener@17872f07, org.springframework.test.context.jdbc.SqlScriptsTestExecutionListener@31dc79b, org.springframework.security.test.context.support.WithSecurityContextTestExecutionListener@52d82a7a, org.springframework.security.test.context.support.ReactorContextTestExecutionListener@6818aa23, org.springframework.boot.test.autoconfigure.restdocs.RestDocsTestExecutionListener@46c94f30, org.springframework.boot.test.autoconfigure.web.client.MockRestServiceServerResetTestExecutionListener@2b05796d, org.springframework.boot.test.autoconfigure.web.servlet.MockMvcPrintOnlyOnFailureTestExecutionListener@381d1d8d, org.springframework.boot.test.autoconfigure.web.servlet.WebDriverTestExecutionListener@15f9e11f, org.springframework.boot.test.mock.mockito.ResetMocksTestExecutionListener@19458c5f]

  .   ____          _            __ _ _
 /\\ / ___'_ __ _ _(_)_ __  __ _ \ \ \ \
( ( )\___ | '_ | '_| | '_ \/ _` | \ \ \ \
 \\/  ___)| |_)| | | | | || (_| |  ) ) ) )
  '  |____| .__|_| |_|_| |_\__, | / / / /
 =========|_|==============|___/=/_/_/_/
 :: Spring Boot ::        (v2.1.7.RELEASE)

2020-09-01 13:27:45.274  INFO 82871 --- [    Test worker] c.j.a.s.web.HelloControllerTest          : Starting HelloControllerTest on choehyegeuns-MacBook-Pro.local with PID 82871 (started by choehyegeun in /Users/choehyegeun/IdeaProjects/freelec-springboot2-webservice)
2020-09-01 13:27:45.275  INFO 82871 --- [    Test worker] c.j.a.s.web.HelloControllerTest          : No active profile set, falling back to default profiles: default
2020-09-01 13:27:45.679  INFO 82871 --- [    Test worker] o.s.s.concurrent.ThreadPoolTaskExecutor  : Initializing ExecutorService 'applicationTaskExecutor'
2020-09-01 13:27:45.706  INFO 82871 --- [    Test worker] o.s.b.a.w.s.WelcomePageHandlerMapping    : Adding welcome page template: index
2020-09-01 13:27:45.866  INFO 82871 --- [    Test worker] .s.s.UserDetailsServiceAutoConfiguration : 

Using generated security password: 5f7a71c1-726c-4b1d-b0ec-c2e91038e999

2020-09-01 13:27:45.964  INFO 82871 --- [    Test worker] o.s.s.web.DefaultSecurityFilterChain     : Creating filter chain: any request, [org.springframework.security.web.context.request.async.WebAsyncManagerIntegrationFilter@5853cfcb, org.springframework.security.web.context.SecurityContextPersistenceFilter@90a8d6b, org.springframework.security.web.header.HeaderWriterFilter@5ad4cd1e, org.springframework.security.web.csrf.CsrfFilter@54c143c2, org.springframework.security.web.authentication.logout.LogoutFilter@78389479, org.springframework.security.web.authentication.UsernamePasswordAuthenticationFilter@29ed14bf, org.springframework.security.web.authentication.ui.DefaultLoginPageGeneratingFilter@5d3a23c1, org.springframework.security.web.authentication.ui.DefaultLogoutPageGeneratingFilter@389fcdca, org.springframework.security.web.authentication.www.BasicAuthenticationFilter@b8ce82d, org.springframework.security.web.savedrequest.RequestCacheAwareFilter@fd7dc5d, org.springframework.security.web.servletapi.SecurityContextHolderAwareRequestFilter@73975c84, org.springframework.security.web.authentication.AnonymousAuthenticationFilter@54be9774, org.springframework.security.web.session.SessionManagementFilter@4d54ad5, org.springframework.security.web.access.ExceptionTranslationFilter@1d837b0c, org.springframework.security.web.access.intercept.FilterSecurityInterceptor@59a90f3a]
2020-09-01 13:27:45.980  INFO 82871 --- [    Test worker] o.s.b.t.m.w.SpringBootMockServletContext : Initializing Spring TestDispatcherServlet ''
2020-09-01 13:27:45.980  INFO 82871 --- [    Test worker] o.s.t.web.servlet.TestDispatcherServlet  : Initializing Servlet ''
2020-09-01 13:27:45.984  INFO 82871 --- [    Test worker] o.s.t.web.servlet.TestDispatcherServlet  : Completed initialization in 4 ms
2020-09-01 13:27:46.016  INFO 82871 --- [    Test worker] c.j.a.s.web.HelloControllerTest          : Started HelloControllerTest in 0.782 seconds (JVM running for 9.217)
]]></system-out>
  <system-err><![CDATA[]]></system-err>
</testsuite>
