<?xml version="1.0" encoding="UTF-8"?>
<testsuite name="com.jojoldo.admin.springboot.web.HelloControllerTest" tests="2" skipped="0" failures="0" errors="0" timestamp="2020-09-02T07:06:29" hostname="choehyegeuns-MacBook-Pro.local" time="0.385">
  <properties/>
  <testcase name="hello가_리턴된다" classname="com.jojoldo.admin.springboot.web.HelloControllerTest" time="0.309"/>
  <testcase name="helloDto가_리턴된다" classname="com.jojoldo.admin.springboot.web.HelloControllerTest" time="0.075"/>
  <system-out><![CDATA[16:06:26.141 [Test worker] DEBUG org.springframework.test.context.junit4.SpringJUnit4ClassRunner - SpringJUnit4ClassRunner constructor called with [class com.jojoldo.admin.springboot.web.HelloControllerTest]
16:06:26.147 [Test worker] DEBUG org.springframework.test.context.BootstrapUtils - Instantiating CacheAwareContextLoaderDelegate from class [org.springframework.test.context.cache.DefaultCacheAwareContextLoaderDelegate]
16:06:26.161 [Test worker] DEBUG org.springframework.test.context.BootstrapUtils - Instantiating BootstrapContext using constructor [public org.springframework.test.context.support.DefaultBootstrapContext(java.lang.Class,org.springframework.test.context.CacheAwareContextLoaderDelegate)]
16:06:26.180 [Test worker] DEBUG org.springframework.test.context.BootstrapUtils - Instantiating TestContextBootstrapper for test class [com.jojoldo.admin.springboot.web.HelloControllerTest] from class [org.springframework.boot.test.autoconfigure.web.servlet.WebMvcTestContextBootstrapper]
16:06:26.202 [Test worker] INFO org.springframework.boot.test.autoconfigure.web.servlet.WebMvcTestContextBootstrapper - Neither @ContextConfiguration nor @ContextHierarchy found for test class [com.jojoldo.admin.springboot.web.HelloControllerTest], using SpringBootContextLoader
16:06:26.206 [Test worker] DEBUG org.springframework.test.context.support.AbstractContextLoader - Did not detect default resource location for test class [com.jojoldo.admin.springboot.web.HelloControllerTest]: class path resource [com/jojoldo/admin/springboot/web/HelloControllerTest-context.xml] does not exist
16:06:26.206 [Test worker] DEBUG org.springframework.test.context.support.AbstractContextLoader - Did not detect default resource location for test class [com.jojoldo.admin.springboot.web.HelloControllerTest]: class path resource [com/jojoldo/admin/springboot/web/HelloControllerTestContext.groovy] does not exist
16:06:26.206 [Test worker] INFO org.springframework.test.context.support.AbstractContextLoader - Could not detect default resource locations for test class [com.jojoldo.admin.springboot.web.HelloControllerTest]: no resource found for suffixes {-context.xml, Context.groovy}.
16:06:26.207 [Test worker] INFO org.springframework.test.context.support.AnnotationConfigContextLoaderUtils - Could not detect default configuration classes for test class [com.jojoldo.admin.springboot.web.HelloControllerTest]: HelloControllerTest does not declare any static, non-private, non-final, nested classes annotated with @Configuration.
16:06:26.279 [Test worker] DEBUG org.springframework.test.context.support.ActiveProfilesUtils - Could not find an 'annotation declaring class' for annotation type [org.springframework.test.context.ActiveProfiles] and class [com.jojoldo.admin.springboot.web.HelloControllerTest]
16:06:26.371 [Test worker] DEBUG org.springframework.context.annotation.ClassPathScanningCandidateComponentProvider - Identified candidate component class: file [/Users/choehyegeun/IdeaProjects/freelec-springboot2-webservice/build/classes/java/main/com/jojoldo/admin/springboot/Application.class]
16:06:26.372 [Test worker] INFO org.springframework.boot.test.context.SpringBootTestContextBootstrapper - Found @SpringBootConfiguration com.jojoldo.admin.springboot.Application for test class com.jojoldo.admin.springboot.web.HelloControllerTest
16:06:26.374 [Test worker] DEBUG org.springframework.boot.test.autoconfigure.web.servlet.WebMvcTestContextBootstrapper - @TestExecutionListeners is not present for class [com.jojoldo.admin.springboot.web.HelloControllerTest]: using defaults.
16:06:26.375 [Test worker] INFO org.springframework.boot.test.autoconfigure.web.servlet.WebMvcTestContextBootstrapper - Loaded default TestExecutionListener class names from location [META-INF/spring.factories]: [org.springframework.security.test.context.support.WithSecurityContextTestExecutionListener, org.springframework.security.test.context.support.ReactorContextTestExecutionListener, org.springframework.boot.test.autoconfigure.restdocs.RestDocsTestExecutionListener, org.springframework.boot.test.autoconfigure.web.client.MockRestServiceServerResetTestExecutionListener, org.springframework.boot.test.autoconfigure.web.servlet.MockMvcPrintOnlyOnFailureTestExecutionListener, org.springframework.boot.test.autoconfigure.web.servlet.WebDriverTestExecutionListener, org.springframework.boot.test.mock.mockito.MockitoTestExecutionListener, org.springframework.boot.test.mock.mockito.ResetMocksTestExecutionListener, org.springframework.test.context.web.ServletTestExecutionListener, org.springframework.test.context.support.DirtiesContextBeforeModesTestExecutionListener, org.springframework.test.context.support.DependencyInjectionTestExecutionListener, org.springframework.test.context.support.DirtiesContextTestExecutionListener, org.springframework.test.context.transaction.TransactionalTestExecutionListener, org.springframework.test.context.jdbc.SqlScriptsTestExecutionListener]
16:06:26.398 [Test worker] INFO org.springframework.boot.test.autoconfigure.web.servlet.WebMvcTestContextBootstrapper - Using TestExecutionListeners: [org.springframework.test.context.web.ServletTestExecutionListener@4f565c6c, org.springframework.test.context.support.DirtiesContextBeforeModesTestExecutionListener@70e3d8f2, org.springframework.boot.test.mock.mockito.MockitoTestExecutionListener@37c6427e, org.springframework.boot.test.autoconfigure.SpringBootDependencyInjectionTestExecutionListener@72670367, org.springframework.test.context.support.DirtiesContextTestExecutionListener@f2f847b, org.springframework.test.context.transaction.TransactionalTestExecutionListener@6165f924, org.springframework.test.context.jdbc.SqlScriptsTestExecutionListener@643582c4, org.springframework.security.test.context.support.WithSecurityContextTestExecutionListener@2e03c91e, org.springframework.security.test.context.support.ReactorContextTestExecutionListener@5dfc9cf9, org.springframework.boot.test.autoconfigure.restdocs.RestDocsTestExecutionListener@139ef2bb, org.springframework.boot.test.autoconfigure.web.client.MockRestServiceServerResetTestExecutionListener@5b7571ae, org.springframework.boot.test.autoconfigure.web.servlet.MockMvcPrintOnlyOnFailureTestExecutionListener@6b0e18e7, org.springframework.boot.test.autoconfigure.web.servlet.WebDriverTestExecutionListener@522c4a2b, org.springframework.boot.test.mock.mockito.ResetMocksTestExecutionListener@36c371ff]
16:06:26.400 [Test worker] DEBUG org.springframework.test.annotation.ProfileValueUtils - Retrieved @ProfileValueSourceConfiguration [null] for test class [com.jojoldo.admin.springboot.web.HelloControllerTest]
16:06:26.400 [Test worker] DEBUG org.springframework.test.annotation.ProfileValueUtils - Retrieved ProfileValueSource type [class org.springframework.test.annotation.SystemProfileValueSource] for class [com.jojoldo.admin.springboot.web.HelloControllerTest]
16:06:26.401 [Test worker] DEBUG org.springframework.test.annotation.ProfileValueUtils - Retrieved @ProfileValueSourceConfiguration [null] for test class [com.jojoldo.admin.springboot.web.HelloControllerTest]
16:06:26.401 [Test worker] DEBUG org.springframework.test.annotation.ProfileValueUtils - Retrieved ProfileValueSource type [class org.springframework.test.annotation.SystemProfileValueSource] for class [com.jojoldo.admin.springboot.web.HelloControllerTest]
16:06:26.407 [Test worker] DEBUG org.springframework.test.context.support.AbstractDirtiesContextTestExecutionListener - Before test class: context [DefaultTestContext@6fc6b275 testClass = HelloControllerTest, testInstance = [null], testMethod = [null], testException = [null], mergedContextConfiguration = [WebMergedContextConfiguration@3487f87d testClass = HelloControllerTest, locations = '{}', classes = '{class com.jojoldo.admin.springboot.Application}', contextInitializerClasses = '[]', activeProfiles = '{}', propertySourceLocations = '{}', propertySourceProperties = '{org.springframework.boot.test.autoconfigure.web.servlet.WebMvcTestContextBootstrapper=true}', contextCustomizers = set[org.springframework.boot.test.autoconfigure.OverrideAutoConfigurationContextCustomizerFactory$DisableAutoConfigurationContextCustomizer@1ea12d85, org.springframework.boot.test.autoconfigure.filter.TypeExcludeFiltersContextCustomizer@16a218bf, org.springframework.boot.test.autoconfigure.properties.PropertyMappingContextCustomizer@f5f8cb31, org.springframework.boot.test.autoconfigure.web.servlet.WebDriverContextCustomizerFactory$Customizer@17f2a816, [ImportsContextCustomizer@3a8b7f10 key = [org.springframework.boot.autoconfigure.cache.CacheAutoConfiguration, org.springframework.boot.autoconfigure.context.MessageSourceAutoConfiguration, org.springframework.boot.autoconfigure.data.web.SpringDataWebAutoConfiguration, org.springframework.boot.autoconfigure.freemarker.FreeMarkerAutoConfiguration, org.springframework.boot.autoconfigure.groovy.template.GroovyTemplateAutoConfiguration, org.springframework.boot.autoconfigure.gson.GsonAutoConfiguration, org.springframework.boot.autoconfigure.hateoas.HypermediaAutoConfiguration, org.springframework.boot.autoconfigure.http.HttpMessageConvertersAutoConfiguration, org.springframework.boot.autoconfigure.jackson.JacksonAutoConfiguration, org.springframework.boot.autoconfigure.jsonb.JsonbAutoConfiguration, org.springframework.boot.autoconfigure.mustache.MustacheAutoConfiguration, org.springframework.boot.autoconfigure.task.TaskExecutionAutoConfiguration, org.springframework.boot.autoconfigure.thymeleaf.ThymeleafAutoConfiguration, org.springframework.boot.autoconfigure.validation.ValidationAutoConfiguration, org.springframework.boot.autoconfigure.web.servlet.error.ErrorMvcAutoConfiguration, org.springframework.boot.autoconfigure.web.servlet.WebMvcAutoConfiguration, org.springframework.boot.test.autoconfigure.web.servlet.MockMvcAutoConfiguration, org.springframework.boot.test.autoconfigure.web.servlet.MockMvcSecurityAutoConfiguration, org.springframework.boot.test.autoconfigure.web.servlet.MockMvcWebClientAutoConfiguration, org.springframework.boot.test.autoconfigure.web.servlet.MockMvcWebDriverAutoConfiguration]], org.springframework.boot.test.context.filter.ExcludeFilterContextCustomizer@6d7990f0, org.springframework.boot.test.json.DuplicateJsonObjectContextCustomizerFactory$DuplicateJsonObjectContextCustomizer@48726b68, org.springframework.boot.test.mock.mockito.MockitoContextCustomizer@0], resourceBasePath = 'src/main/webapp', contextLoader = 'org.springframework.boot.test.context.SpringBootContextLoader', parent = [null]], attributes = map[[empty]]], class annotated with @DirtiesContext [false] with mode [null].
16:06:26.407 [Test worker] DEBUG org.springframework.test.annotation.ProfileValueUtils - Retrieved @ProfileValueSourceConfiguration [null] for test class [com.jojoldo.admin.springboot.web.HelloControllerTest]
16:06:26.408 [Test worker] DEBUG org.springframework.test.annotation.ProfileValueUtils - Retrieved ProfileValueSource type [class org.springframework.test.annotation.SystemProfileValueSource] for class [com.jojoldo.admin.springboot.web.HelloControllerTest]
16:06:26.415 [Test worker] DEBUG org.springframework.test.context.support.DependencyInjectionTestExecutionListener - Performing dependency injection for test context [[DefaultTestContext@6fc6b275 testClass = HelloControllerTest, testInstance = com.jojoldo.admin.springboot.web.HelloControllerTest@739809eb, testMethod = [null], testException = [null], mergedContextConfiguration = [WebMergedContextConfiguration@3487f87d testClass = HelloControllerTest, locations = '{}', classes = '{class com.jojoldo.admin.springboot.Application}', contextInitializerClasses = '[]', activeProfiles = '{}', propertySourceLocations = '{}', propertySourceProperties = '{org.springframework.boot.test.autoconfigure.web.servlet.WebMvcTestContextBootstrapper=true}', contextCustomizers = set[org.springframework.boot.test.autoconfigure.OverrideAutoConfigurationContextCustomizerFactory$DisableAutoConfigurationContextCustomizer@1ea12d85, org.springframework.boot.test.autoconfigure.filter.TypeExcludeFiltersContextCustomizer@16a218bf, org.springframework.boot.test.autoconfigure.properties.PropertyMappingContextCustomizer@f5f8cb31, org.springframework.boot.test.autoconfigure.web.servlet.WebDriverContextCustomizerFactory$Customizer@17f2a816, [ImportsContextCustomizer@3a8b7f10 key = [org.springframework.boot.autoconfigure.cache.CacheAutoConfiguration, org.springframework.boot.autoconfigure.context.MessageSourceAutoConfiguration, org.springframework.boot.autoconfigure.data.web.SpringDataWebAutoConfiguration, org.springframework.boot.autoconfigure.freemarker.FreeMarkerAutoConfiguration, org.springframework.boot.autoconfigure.groovy.template.GroovyTemplateAutoConfiguration, org.springframework.boot.autoconfigure.gson.GsonAutoConfiguration, org.springframework.boot.autoconfigure.hateoas.HypermediaAutoConfiguration, org.springframework.boot.autoconfigure.http.HttpMessageConvertersAutoConfiguration, org.springframework.boot.autoconfigure.jackson.JacksonAutoConfiguration, org.springframework.boot.autoconfigure.jsonb.JsonbAutoConfiguration, org.springframework.boot.autoconfigure.mustache.MustacheAutoConfiguration, org.springframework.boot.autoconfigure.task.TaskExecutionAutoConfiguration, org.springframework.boot.autoconfigure.thymeleaf.ThymeleafAutoConfiguration, org.springframework.boot.autoconfigure.validation.ValidationAutoConfiguration, org.springframework.boot.autoconfigure.web.servlet.error.ErrorMvcAutoConfiguration, org.springframework.boot.autoconfigure.web.servlet.WebMvcAutoConfiguration, org.springframework.boot.test.autoconfigure.web.servlet.MockMvcAutoConfiguration, org.springframework.boot.test.autoconfigure.web.servlet.MockMvcSecurityAutoConfiguration, org.springframework.boot.test.autoconfigure.web.servlet.MockMvcWebClientAutoConfiguration, org.springframework.boot.test.autoconfigure.web.servlet.MockMvcWebDriverAutoConfiguration]], org.springframework.boot.test.context.filter.ExcludeFilterContextCustomizer@6d7990f0, org.springframework.boot.test.json.DuplicateJsonObjectContextCustomizerFactory$DuplicateJsonObjectContextCustomizer@48726b68, org.springframework.boot.test.mock.mockito.MockitoContextCustomizer@0], resourceBasePath = 'src/main/webapp', contextLoader = 'org.springframework.boot.test.context.SpringBootContextLoader', parent = [null]], attributes = map[[empty]]]].
16:06:26.556 [Test worker] DEBUG org.springframework.test.context.support.TestPropertySourceUtils - Adding inlined properties to environment: {spring.jmx.enabled=false, org.springframework.boot.test.autoconfigure.web.servlet.WebMvcTestContextBootstrapper=true, server.port=-1}

  .   ____          _            __ _ _
 /\\ / ___'_ __ _ _(_)_ __  __ _ \ \ \ \
( ( )\___ | '_ | '_| | '_ \/ _` | \ \ \ \
 \\/  ___)| |_)| | | | | || (_| |  ) ) ) )
  '  |____| .__|_| |_|_| |_\__, | / / / /
 =========|_|==============|___/=/_/_/_/
 :: Spring Boot ::        (v2.1.7.RELEASE)

2020-09-02 16:06:26.831  INFO 86528 --- [    Test worker] c.j.a.s.web.HelloControllerTest          : Starting HelloControllerTest on choehyegeuns-MacBook-Pro.local with PID 86528 (started by choehyegeun in /Users/choehyegeun/IdeaProjects/freelec-springboot2-webservice)
2020-09-02 16:06:26.835  INFO 86528 --- [    Test worker] c.j.a.s.web.HelloControllerTest          : No active profile set, falling back to default profiles: default
2020-09-02 16:06:28.371  INFO 86528 --- [    Test worker] o.s.s.concurrent.ThreadPoolTaskExecutor  : Initializing ExecutorService 'applicationTaskExecutor'
2020-09-02 16:06:28.478  INFO 86528 --- [    Test worker] o.s.b.a.w.s.WelcomePageHandlerMapping    : Adding welcome page template: index
2020-09-02 16:06:28.856  INFO 86528 --- [    Test worker] .s.s.UserDetailsServiceAutoConfiguration : 

Using generated security password: dd1892eb-6360-4a27-ab0c-e6834e8c8fb4

2020-09-02 16:06:29.046  INFO 86528 --- [    Test worker] o.s.s.web.DefaultSecurityFilterChain     : Creating filter chain: any request, [org.springframework.security.web.context.request.async.WebAsyncManagerIntegrationFilter@5a5edada, org.springframework.security.web.context.SecurityContextPersistenceFilter@3b59e0b0, org.springframework.security.web.header.HeaderWriterFilter@58a61dc4, org.springframework.security.web.csrf.CsrfFilter@2c91f97b, org.springframework.security.web.authentication.logout.LogoutFilter@281b43c5, org.springframework.security.web.authentication.UsernamePasswordAuthenticationFilter@7ef6a969, org.springframework.security.web.authentication.ui.DefaultLoginPageGeneratingFilter@3f2af901, org.springframework.security.web.authentication.ui.DefaultLogoutPageGeneratingFilter@25391930, org.springframework.security.web.authentication.www.BasicAuthenticationFilter@296abe65, org.springframework.security.web.savedrequest.RequestCacheAwareFilter@160b6924, org.springframework.security.web.servletapi.SecurityContextHolderAwareRequestFilter@4e8bd119, org.springframework.security.web.authentication.AnonymousAuthenticationFilter@2cc479d9, org.springframework.security.web.session.SessionManagementFilter@398e96e3, org.springframework.security.web.access.ExceptionTranslationFilter@38995cb9, org.springframework.security.web.access.intercept.FilterSecurityInterceptor@1517f415]
2020-09-02 16:06:29.095  INFO 86528 --- [    Test worker] o.s.b.t.m.w.SpringBootMockServletContext : Initializing Spring TestDispatcherServlet ''
2020-09-02 16:06:29.095  INFO 86528 --- [    Test worker] o.s.t.web.servlet.TestDispatcherServlet  : Initializing Servlet ''
2020-09-02 16:06:29.113  INFO 86528 --- [    Test worker] o.s.t.web.servlet.TestDispatcherServlet  : Completed initialization in 18 ms
2020-09-02 16:06:29.156  INFO 86528 --- [    Test worker] c.j.a.s.web.HelloControllerTest          : Started HelloControllerTest in 2.59 seconds (JVM running for 3.775)
]]></system-out>
  <system-err><![CDATA[]]></system-err>
</testsuite>
