<?xml version="1.0" encoding="UTF-8"?>
<testsuite name="com.jojoldo.admin.springboot.web.PostsApiControllerTest" tests="2" skipped="0" failures="0" errors="0" timestamp="2020-09-02T07:44:13" hostname="choehyegeuns-MacBook-Pro.local" time="0.098">
  <properties/>
  <testcase name="Posts_등록된다" classname="com.jojoldo.admin.springboot.web.PostsApiControllerTest" time="0.067"/>
  <testcase name="Posts_수정된다" classname="com.jojoldo.admin.springboot.web.PostsApiControllerTest" time="0.03"/>
  <system-out><![CDATA[2020-09-02 16:44:13.823  INFO 86767 --- [    Test worker] .b.t.c.SpringBootTestContextBootstrapper : Neither @ContextConfiguration nor @ContextHierarchy found for test class [com.jojoldo.admin.springboot.web.PostsApiControllerTest], using SpringBootContextLoader
2020-09-02 16:44:13.824  INFO 86767 --- [    Test worker] o.s.t.c.support.AbstractContextLoader    : Could not detect default resource locations for test class [com.jojoldo.admin.springboot.web.PostsApiControllerTest]: no resource found for suffixes {-context.xml, Context.groovy}.
2020-09-02 16:44:13.824  INFO 86767 --- [    Test worker] t.c.s.AnnotationConfigContextLoaderUtils : Could not detect default configuration classes for test class [com.jojoldo.admin.springboot.web.PostsApiControllerTest]: PostsApiControllerTest does not declare any static, non-private, non-final, nested classes annotated with @Configuration.
2020-09-02 16:44:13.826  INFO 86767 --- [    Test worker] .b.t.c.SpringBootTestContextBootstrapper : Found @SpringBootConfiguration com.jojoldo.admin.springboot.Application for test class com.jojoldo.admin.springboot.web.PostsApiControllerTest
2020-09-02 16:44:13.829  INFO 86767 --- [    Test worker] .b.t.c.SpringBootTestContextBootstrapper : Loaded default TestExecutionListener class names from location [META-INF/spring.factories]: [org.springframework.security.test.context.support.WithSecurityContextTestExecutionListener, org.springframework.security.test.context.support.ReactorContextTestExecutionListener, org.springframework.boot.test.autoconfigure.restdocs.RestDocsTestExecutionListener, org.springframework.boot.test.autoconfigure.web.client.MockRestServiceServerResetTestExecutionListener, org.springframework.boot.test.autoconfigure.web.servlet.MockMvcPrintOnlyOnFailureTestExecutionListener, org.springframework.boot.test.autoconfigure.web.servlet.WebDriverTestExecutionListener, org.springframework.boot.test.mock.mockito.MockitoTestExecutionListener, org.springframework.boot.test.mock.mockito.ResetMocksTestExecutionListener, org.springframework.test.context.web.ServletTestExecutionListener, org.springframework.test.context.support.DirtiesContextBeforeModesTestExecutionListener, org.springframework.test.context.support.DependencyInjectionTestExecutionListener, org.springframework.test.context.support.DirtiesContextTestExecutionListener, org.springframework.test.context.transaction.TransactionalTestExecutionListener, org.springframework.test.context.jdbc.SqlScriptsTestExecutionListener]
2020-09-02 16:44:13.830  INFO 86767 --- [    Test worker] .b.t.c.SpringBootTestContextBootstrapper : Using TestExecutionListeners: [org.springframework.test.context.web.ServletTestExecutionListener@b15f082, org.springframework.test.context.support.DirtiesContextBeforeModesTestExecutionListener@503a23ce, org.springframework.boot.test.mock.mockito.MockitoTestExecutionListener@181a140f, org.springframework.boot.test.autoconfigure.SpringBootDependencyInjectionTestExecutionListener@5fd4afa7, org.springframework.test.context.support.DirtiesContextTestExecutionListener@7be1d53f, org.springframework.test.context.transaction.TransactionalTestExecutionListener@7ac4bdde, org.springframework.test.context.jdbc.SqlScriptsTestExecutionListener@32b674e5, org.springframework.security.test.context.support.WithSecurityContextTestExecutionListener@48e54c83, org.springframework.security.test.context.support.ReactorContextTestExecutionListener@3d58308d, org.springframework.boot.test.autoconfigure.restdocs.RestDocsTestExecutionListener@62ad50b5, org.springframework.boot.test.autoconfigure.web.client.MockRestServiceServerResetTestExecutionListener@633d0159, org.springframework.boot.test.autoconfigure.web.servlet.MockMvcPrintOnlyOnFailureTestExecutionListener@15ed8e9, org.springframework.boot.test.autoconfigure.web.servlet.WebDriverTestExecutionListener@7d7e4c17, org.springframework.boot.test.mock.mockito.ResetMocksTestExecutionListener@75de93f5]
2020-09-02 16:44:13.839  INFO 86767 --- [    Test worker] o.a.c.c.C.[Tomcat].[localhost].[/]       : Initializing Spring TestDispatcherServlet ''
2020-09-02 16:44:13.839  INFO 86767 --- [    Test worker] o.s.t.web.servlet.TestDispatcherServlet  : Initializing Servlet ''
2020-09-02 16:44:13.842  INFO 86767 --- [    Test worker] o.s.t.web.servlet.TestDispatcherServlet  : Completed initialization in 3 ms
Hibernate: insert into posts (created_date, modified_date, author, content, title) values (?, ?, ?, ?, ?)
Hibernate: select posts0_.id as id1_0_, posts0_.created_date as created_2_0_, posts0_.modified_date as modified3_0_, posts0_.author as author4_0_, posts0_.content as content5_0_, posts0_.title as title6_0_ from posts posts0_
Hibernate: select posts0_.id as id1_0_, posts0_.created_date as created_2_0_, posts0_.modified_date as modified3_0_, posts0_.author as author4_0_, posts0_.content as content5_0_, posts0_.title as title6_0_ from posts posts0_
Hibernate: delete from posts where id=?
2020-09-02 16:44:13.903  INFO 86767 --- [    Test worker] o.a.c.c.C.[Tomcat].[localhost].[/]       : Initializing Spring TestDispatcherServlet ''
2020-09-02 16:44:13.903  INFO 86767 --- [    Test worker] o.s.t.web.servlet.TestDispatcherServlet  : Initializing Servlet ''
2020-09-02 16:44:13.906  INFO 86767 --- [    Test worker] o.s.t.web.servlet.TestDispatcherServlet  : Completed initialization in 3 ms
Hibernate: insert into posts (created_date, modified_date, author, content, title) values (?, ?, ?, ?, ?)
Hibernate: select posts0_.id as id1_0_0_, posts0_.created_date as created_2_0_0_, posts0_.modified_date as modified3_0_0_, posts0_.author as author4_0_0_, posts0_.content as content5_0_0_, posts0_.title as title6_0_0_ from posts posts0_ where posts0_.id=?
Hibernate: update posts set created_date=?, modified_date=?, author=?, content=?, title=? where id=?
Hibernate: select posts0_.id as id1_0_, posts0_.created_date as created_2_0_, posts0_.modified_date as modified3_0_, posts0_.author as author4_0_, posts0_.content as content5_0_, posts0_.title as title6_0_ from posts posts0_
Hibernate: select posts0_.id as id1_0_, posts0_.created_date as created_2_0_, posts0_.modified_date as modified3_0_, posts0_.author as author4_0_, posts0_.content as content5_0_, posts0_.title as title6_0_ from posts posts0_
Hibernate: delete from posts where id=?
]]></system-out>
  <system-err><![CDATA[]]></system-err>
</testsuite>
